Python 3.7.3
Welcome! The program is running on cuda. It may take a while...
I am using configuration file number 13
Epoch 1/30: train_loss: 0.6931, train_accuracy: 50.5222, val_loss: 0.6930, val_accuracy: 50.0000
Epoch 2/30: train_loss: 0.6924, train_accuracy: 51.5000, val_loss: 0.6924, val_accuracy: 50.0000
Epoch 3/30: train_loss: 0.6856, train_accuracy: 57.4611, val_loss: 0.6942, val_accuracy: 50.1000
Epoch 4/30: train_loss: 0.5779, train_accuracy: 67.9778, val_loss: 0.7160, val_accuracy: 49.1000
Epoch 5/30: train_loss: 0.5327, train_accuracy: 70.3667, val_loss: 0.6312, val_accuracy: 57.9000
Epoch 6/30: train_loss: 0.4469, train_accuracy: 76.4000, val_loss: 0.5845, val_accuracy: 66.5000
Epoch 7/30: train_loss: 0.4177, train_accuracy: 77.8056, val_loss: 0.5878, val_accuracy: 65.4000
Epoch 8/30: train_loss: 0.3980, train_accuracy: 78.9944, val_loss: 0.5484, val_accuracy: 69.2000
Epoch 9/30: train_loss: 0.3855, train_accuracy: 79.8500, val_loss: 0.5450, val_accuracy: 67.3000
Epoch 10/30: train_loss: 0.3755, train_accuracy: 80.6278, val_loss: 0.5037, val_accuracy: 70.9000
Epoch 11/30: train_loss: 0.3729, train_accuracy: 81.0389, val_loss: 0.5952, val_accuracy: 64.6000
Epoch 12/30: train_loss: 0.3625, train_accuracy: 81.6111, val_loss: 0.5931, val_accuracy: 68.5000
Epoch 13/30: train_loss: 0.3491, train_accuracy: 82.7444, val_loss: 0.5151, val_accuracy: 72.6000
Epoch 14/30: train_loss: 0.3370, train_accuracy: 83.2667, val_loss: 0.4464, val_accuracy: 77.3000
Epoch 15/30: train_loss: 0.3290, train_accuracy: 83.7778, val_loss: 0.4883, val_accuracy: 77.0000
Epoch 16/30: train_loss: 0.3202, train_accuracy: 84.5222, val_loss: 0.4535, val_accuracy: 76.7000
Epoch 17/30: train_loss: 0.3136, train_accuracy: 84.8278, val_loss: 0.4742, val_accuracy: 77.7000
Epoch 18/30: train_loss: 0.3069, train_accuracy: 85.2500, val_loss: 0.5798, val_accuracy: 69.3000
Epoch 19/30: train_loss: 0.3017, train_accuracy: 85.4222, val_loss: 0.4321, val_accuracy: 78.8000
Epoch 20/30: train_loss: 0.3002, train_accuracy: 85.7611, val_loss: 0.4932, val_accuracy: 75.3000
Epoch 21/30: train_loss: 0.2897, train_accuracy: 86.4000, val_loss: 0.6093, val_accuracy: 71.6000
Epoch 22/30: train_loss: 0.2873, train_accuracy: 86.3222, val_loss: 0.5942, val_accuracy: 67.1000
Epoch 23/30: train_loss: 0.2824, train_accuracy: 86.7389, val_loss: 0.5491, val_accuracy: 72.9000
Epoch 24/30: train_loss: 0.2770, train_accuracy: 87.0056, val_loss: 0.4503, val_accuracy: 79.4000
Epoch 25/30: train_loss: 0.2739, train_accuracy: 87.1167, val_loss: 0.4796, val_accuracy: 75.6000
Epoch 26/30: train_loss: 0.2701, train_accuracy: 87.2389, val_loss: 0.4758, val_accuracy: 75.8000
Epoch 27/30: train_loss: 0.2653, train_accuracy: 87.6000, val_loss: 0.4460, val_accuracy: 79.3000
Epoch 28/30: train_loss: 0.2627, train_accuracy: 87.7111, val_loss: 0.4817, val_accuracy: 77.5000
Epoch 29/30: train_loss: 0.2565, train_accuracy: 88.0500, val_loss: 0.5727, val_accuracy: 73.7000
Epoch 30/30: train_loss: 0.2535, train_accuracy: 88.4000, val_loss: 0.6746, val_accuracy: 66.7000
Traceback (most recent call last):
  File "ATML/main.py", line 114, in <module>
    torch.save(model.state_dict(), model_dir + 'model' + experiment_name + '.pt')
  File "/home/ubelix/artorg/kc12n043/miniconda3/envs/atml/lib/python3.7/site-packages/torch/serialization.py", line 224, in save
    return _with_file_like(f, "wb", lambda f: _save(obj, f, pickle_module, pickle_protocol))
  File "/home/ubelix/artorg/kc12n043/miniconda3/envs/atml/lib/python3.7/site-packages/torch/serialization.py", line 147, in _with_file_like
    f = open(f, mode)
FileNotFoundError: [Errno 2] No such file or directory: '../models/model13.pt'
