Python 3.7.3
Welcome! The program is running on cuda. It may take a while...
I am using configuration file number 61
Epoch 1/25: train_loss: 0.6139, train_accuracy: 67.3944, val_loss: 0.7880, val_accuracy: 49.8000
Epoch 2/25: train_loss: 0.5865, train_accuracy: 68.7667, val_loss: 0.9622, val_accuracy: 62.3000
Epoch 3/25: train_loss: 0.5771, train_accuracy: 68.9389, val_loss: 0.7298, val_accuracy: 49.6000
Epoch 4/25: train_loss: 0.5749, train_accuracy: 69.2833, val_loss: 0.6661, val_accuracy: 60.3000
Epoch 5/25: train_loss: 0.5743, train_accuracy: 69.3611, val_loss: 0.6731, val_accuracy: 67.6000
Epoch 6/25: train_loss: 0.5728, train_accuracy: 69.5833, val_loss: 0.6886, val_accuracy: 53.7000
Epoch 7/25: train_loss: 0.5716, train_accuracy: 69.6500, val_loss: 0.7042, val_accuracy: 48.9000
Epoch 8/25: train_loss: 0.5740, train_accuracy: 69.4556, val_loss: 0.6713, val_accuracy: 62.9000
Epoch 9/25: train_loss: 0.5726, train_accuracy: 69.5556, val_loss: 0.6683, val_accuracy: 65.0000
Epoch 10/25: train_loss: 0.5697, train_accuracy: 69.5722, val_loss: 0.7018, val_accuracy: 49.5000
Epoch 11/25: train_loss: 0.5710, train_accuracy: 69.5167, val_loss: 0.7043, val_accuracy: 50.2000
Epoch 12/25: train_loss: 0.5709, train_accuracy: 69.6667, val_loss: 0.6545, val_accuracy: 70.0000
Epoch 13/25: train_loss: 0.5705, train_accuracy: 69.5722, val_loss: 0.6859, val_accuracy: 59.3000
Epoch 14/25: train_loss: 0.5707, train_accuracy: 69.8500, val_loss: 0.6520, val_accuracy: 65.1000
Epoch 15/25: train_loss: 0.5707, train_accuracy: 69.8500, val_loss: 0.7232, val_accuracy: 50.0000
Epoch 16/25: train_loss: 0.5688, train_accuracy: 69.9167, val_loss: 0.7228, val_accuracy: 49.8000
Epoch 17/25: train_loss: 0.5732, train_accuracy: 69.8222, val_loss: 0.6995, val_accuracy: 52.0000
Epoch 18/25: train_loss: 0.5706, train_accuracy: 70.0222, val_loss: 0.6937, val_accuracy: 50.3000
Epoch 19/25: train_loss: 0.5720, train_accuracy: 69.7889, val_loss: 0.7036, val_accuracy: 49.3000
Epoch 20/25: train_loss: 0.5684, train_accuracy: 69.8778, val_loss: 0.7191, val_accuracy: 49.9000
Epoch 21/25: train_loss: 0.5726, train_accuracy: 69.5444, val_loss: 0.6802, val_accuracy: 52.3000
Epoch 22/25: train_loss: 0.5713, train_accuracy: 69.7278, val_loss: 0.6746, val_accuracy: 54.8000
Epoch 23/25: train_loss: 0.5699, train_accuracy: 69.4444, val_loss: 0.7189, val_accuracy: 50.0000
Epoch 24/25: train_loss: 0.5717, train_accuracy: 69.9167, val_loss: 0.7288, val_accuracy: 50.0000
Epoch 25/25: train_loss: 0.5716, train_accuracy: 69.6722, val_loss: 0.6556, val_accuracy: 63.2000
Traceback (most recent call last):
  File "ATML/main.py", line 114, in <module>
    torch.save(model.state_dict(), model_dir + 'model' + experiment_name + '.pt')
  File "/home/ubelix/artorg/kc12n043/miniconda3/envs/atml/lib/python3.7/site-packages/torch/serialization.py", line 224, in save
    return _with_file_like(f, "wb", lambda f: _save(obj, f, pickle_module, pickle_protocol))
  File "/home/ubelix/artorg/kc12n043/miniconda3/envs/atml/lib/python3.7/site-packages/torch/serialization.py", line 147, in _with_file_like
    f = open(f, mode)
FileNotFoundError: [Errno 2] No such file or directory: '../models/model61.pt'
