Python 3.7.3
Welcome! The program is running on cuda. It may take a while...
I am using configuration file number 39
Epoch 1/20: train_loss: 0.6098, train_accuracy: 69.7500, val_loss: 0.6296, val_accuracy: 69.0000
Epoch 2/20: train_loss: 0.4501, train_accuracy: 77.0389, val_loss: 0.6869, val_accuracy: 57.2000
Epoch 3/20: train_loss: 0.4076, train_accuracy: 79.1389, val_loss: 0.7664, val_accuracy: 54.4000
Epoch 4/20: train_loss: 0.3784, train_accuracy: 81.1444, val_loss: 0.7128, val_accuracy: 54.2000
Epoch 5/20: train_loss: 0.3609, train_accuracy: 82.2444, val_loss: 0.5143, val_accuracy: 70.3000
Epoch 6/20: train_loss: 0.3351, train_accuracy: 83.4278, val_loss: 0.6140, val_accuracy: 66.4000
Epoch 7/20: train_loss: 0.3259, train_accuracy: 84.6556, val_loss: 0.4927, val_accuracy: 74.3000
Epoch 8/20: train_loss: 0.3206, train_accuracy: 84.9833, val_loss: 0.4581, val_accuracy: 75.2000
Epoch 9/20: train_loss: 0.3095, train_accuracy: 85.1833, val_loss: 0.4683, val_accuracy: 74.2000
Epoch 10/20: train_loss: 0.3016, train_accuracy: 85.6889, val_loss: 0.5459, val_accuracy: 72.3000
Epoch 11/20: train_loss: 0.2949, train_accuracy: 85.9167, val_loss: 0.4732, val_accuracy: 74.4000
Epoch 12/20: train_loss: 0.2863, train_accuracy: 86.5833, val_loss: 0.4524, val_accuracy: 76.5000
Epoch 13/20: train_loss: 0.2779, train_accuracy: 87.1500, val_loss: 0.6277, val_accuracy: 68.7000
Epoch 14/20: train_loss: 0.2637, train_accuracy: 87.8333, val_loss: 0.6331, val_accuracy: 67.4000
Epoch 15/20: train_loss: 0.2634, train_accuracy: 87.7278, val_loss: 0.5474, val_accuracy: 71.7000
Epoch 16/20: train_loss: 0.2621, train_accuracy: 88.1444, val_loss: 0.4957, val_accuracy: 74.6000
Epoch 17/20: train_loss: 0.2493, train_accuracy: 88.9611, val_loss: 0.4936, val_accuracy: 76.8000
Epoch 18/20: train_loss: 0.2377, train_accuracy: 89.2167, val_loss: 0.4876, val_accuracy: 76.3000
Epoch 19/20: train_loss: 0.2336, train_accuracy: 89.6278, val_loss: 0.5931, val_accuracy: 71.5000
Epoch 20/20: train_loss: 0.2247, train_accuracy: 90.0833, val_loss: 0.6244, val_accuracy: 72.6000
Traceback (most recent call last):
  File "ATML/main.py", line 114, in <module>
    torch.save(model.state_dict(), model_dir + 'model' + experiment_name + '.pt')
  File "/home/ubelix/artorg/kc12n043/miniconda3/envs/atml/lib/python3.7/site-packages/torch/serialization.py", line 224, in save
    return _with_file_like(f, "wb", lambda f: _save(obj, f, pickle_module, pickle_protocol))
  File "/home/ubelix/artorg/kc12n043/miniconda3/envs/atml/lib/python3.7/site-packages/torch/serialization.py", line 147, in _with_file_like
    f = open(f, mode)
FileNotFoundError: [Errno 2] No such file or directory: '../models/model39.pt'
