Python 3.7.3
Welcome! The program is running on cuda. It may take a while...
I am using configuration file number 6
Epoch 1/20: train_loss: 0.6933, train_accuracy: 50.0000, val_loss: 0.6932, val_accuracy: 50.0000
Epoch 2/20: train_loss: 0.6932, train_accuracy: 50.0000, val_loss: 0.6932, val_accuracy: 50.0000
Epoch 3/20: train_loss: 0.6932, train_accuracy: 49.9944, val_loss: 0.6931, val_accuracy: 50.0000
Epoch 4/20: train_loss: 0.6932, train_accuracy: 50.0611, val_loss: 0.6931, val_accuracy: 50.0000
Epoch 5/20: train_loss: 0.6931, train_accuracy: 50.0889, val_loss: 0.6931, val_accuracy: 50.0000
Epoch 6/20: train_loss: 0.6931, train_accuracy: 50.0667, val_loss: 0.6931, val_accuracy: 50.0000
Epoch 7/20: train_loss: 0.6931, train_accuracy: 50.4778, val_loss: 0.6931, val_accuracy: 50.0000
Epoch 8/20: train_loss: 0.6931, train_accuracy: 50.7222, val_loss: 0.6931, val_accuracy: 50.0000
Epoch 9/20: train_loss: 0.6931, train_accuracy: 51.1389, val_loss: 0.6931, val_accuracy: 50.0000
Epoch 10/20: train_loss: 0.6931, train_accuracy: 51.3889, val_loss: 0.6931, val_accuracy: 50.0000
Epoch 11/20: train_loss: 0.6931, train_accuracy: 51.5278, val_loss: 0.6931, val_accuracy: 58.2000
Epoch 12/20: train_loss: 0.6930, train_accuracy: 52.8222, val_loss: 0.6931, val_accuracy: 57.1000
Epoch 13/20: train_loss: 0.6930, train_accuracy: 52.9111, val_loss: 0.6931, val_accuracy: 58.9000
Epoch 14/20: train_loss: 0.6930, train_accuracy: 52.4444, val_loss: 0.6931, val_accuracy: 58.6000
Epoch 15/20: train_loss: 0.6930, train_accuracy: 51.5944, val_loss: 0.6931, val_accuracy: 53.9000
Epoch 16/20: train_loss: 0.6930, train_accuracy: 53.1444, val_loss: 0.6931, val_accuracy: 57.3000
Epoch 17/20: train_loss: 0.6930, train_accuracy: 53.2833, val_loss: 0.6931, val_accuracy: 59.4000
Epoch 18/20: train_loss: 0.6930, train_accuracy: 53.1778, val_loss: 0.6930, val_accuracy: 59.2000
Epoch 19/20: train_loss: 0.6930, train_accuracy: 53.1167, val_loss: 0.6930, val_accuracy: 55.8000
Epoch 20/20: train_loss: 0.6930, train_accuracy: 53.8444, val_loss: 0.6930, val_accuracy: 56.5000
Traceback (most recent call last):
  File "ATML/main.py", line 114, in <module>
    torch.save(model.state_dict(), model_dir + 'model' + experiment_name + '.pt')
  File "/home/ubelix/artorg/kc12n043/miniconda3/envs/atml/lib/python3.7/site-packages/torch/serialization.py", line 224, in save
    return _with_file_like(f, "wb", lambda f: _save(obj, f, pickle_module, pickle_protocol))
  File "/home/ubelix/artorg/kc12n043/miniconda3/envs/atml/lib/python3.7/site-packages/torch/serialization.py", line 147, in _with_file_like
    f = open(f, mode)
FileNotFoundError: [Errno 2] No such file or directory: '../models/model6.pt'
