Python 3.7.3
Welcome! The program is running on cuda. It may take a while...
I am using configuration file number 51
Epoch 1/30: train_loss: 0.6119, train_accuracy: 70.0778, val_loss: 0.7781, val_accuracy: 57.6000
Epoch 2/30: train_loss: 0.4789, train_accuracy: 77.1667, val_loss: 0.5505, val_accuracy: 67.8000
Epoch 3/30: train_loss: 0.4013, train_accuracy: 80.1556, val_loss: 0.7677, val_accuracy: 58.4000
Epoch 4/30: train_loss: 0.3787, train_accuracy: 80.8722, val_loss: 0.4609, val_accuracy: 75.4000
Epoch 5/30: train_loss: 0.3548, train_accuracy: 82.5222, val_loss: 0.4959, val_accuracy: 72.6000
Epoch 6/30: train_loss: 0.3472, train_accuracy: 82.9444, val_loss: 0.4827, val_accuracy: 76.8000
Epoch 7/30: train_loss: 0.3342, train_accuracy: 83.4500, val_loss: 0.4410, val_accuracy: 75.7000
Epoch 8/30: train_loss: 0.3139, train_accuracy: 84.8333, val_loss: 0.4304, val_accuracy: 79.4000
Epoch 9/30: train_loss: 0.3074, train_accuracy: 85.2667, val_loss: 0.5136, val_accuracy: 73.8000
Epoch 10/30: train_loss: 0.2959, train_accuracy: 85.9556, val_loss: 0.6890, val_accuracy: 61.0000
Epoch 11/30: train_loss: 0.2862, train_accuracy: 86.3111, val_loss: 0.6642, val_accuracy: 62.5000
Epoch 12/30: train_loss: 0.2818, train_accuracy: 86.4889, val_loss: 0.5437, val_accuracy: 68.8000
Epoch 13/30: train_loss: 0.2732, train_accuracy: 87.2722, val_loss: 0.4709, val_accuracy: 74.6000
Epoch 14/30: train_loss: 0.2742, train_accuracy: 87.4667, val_loss: 0.4661, val_accuracy: 76.6000
Epoch 15/30: train_loss: 0.2636, train_accuracy: 88.0389, val_loss: 0.7107, val_accuracy: 64.5000
Epoch 16/30: train_loss: 0.2543, train_accuracy: 88.3889, val_loss: 0.4431, val_accuracy: 78.4000
Epoch 17/30: train_loss: 0.2595, train_accuracy: 88.4556, val_loss: 0.4679, val_accuracy: 77.5000
Epoch 18/30: train_loss: 0.2429, train_accuracy: 89.1833, val_loss: 0.6368, val_accuracy: 65.5000
Epoch 19/30: train_loss: 0.2406, train_accuracy: 89.1833, val_loss: 0.4730, val_accuracy: 77.2000
Epoch 20/30: train_loss: 0.2279, train_accuracy: 89.8222, val_loss: 0.8269, val_accuracy: 68.0000
Epoch 21/30: train_loss: 0.2172, train_accuracy: 90.6056, val_loss: 0.6182, val_accuracy: 70.5000
Epoch 22/30: train_loss: 0.2131, train_accuracy: 90.6333, val_loss: 0.6110, val_accuracy: 72.8000
Epoch 23/30: train_loss: 0.2034, train_accuracy: 91.2111, val_loss: 0.7209, val_accuracy: 71.9000
Epoch 24/30: train_loss: 0.1955, train_accuracy: 91.5056, val_loss: 0.6825, val_accuracy: 70.2000
Epoch 25/30: train_loss: 0.1888, train_accuracy: 91.8778, val_loss: 0.6660, val_accuracy: 71.0000
Epoch 26/30: train_loss: 0.1745, train_accuracy: 92.7611, val_loss: 0.7618, val_accuracy: 71.5000
Epoch 27/30: train_loss: 0.1593, train_accuracy: 93.2778, val_loss: 1.8222, val_accuracy: 58.8000
Epoch 28/30: train_loss: 0.1624, train_accuracy: 93.1444, val_loss: 0.8718, val_accuracy: 68.0000
Epoch 29/30: train_loss: 0.1425, train_accuracy: 94.1167, val_loss: 0.6340, val_accuracy: 77.1000
Epoch 30/30: train_loss: 0.1362, train_accuracy: 94.3556, val_loss: 1.1202, val_accuracy: 65.3000
Traceback (most recent call last):
  File "ATML/main.py", line 114, in <module>
    torch.save(model.state_dict(), model_dir + 'model' + experiment_name + '.pt')
  File "/home/ubelix/artorg/kc12n043/miniconda3/envs/atml/lib/python3.7/site-packages/torch/serialization.py", line 224, in save
    return _with_file_like(f, "wb", lambda f: _save(obj, f, pickle_module, pickle_protocol))
  File "/home/ubelix/artorg/kc12n043/miniconda3/envs/atml/lib/python3.7/site-packages/torch/serialization.py", line 147, in _with_file_like
    f = open(f, mode)
FileNotFoundError: [Errno 2] No such file or directory: '../models/model51.pt'
