Python 3.7.3
Welcome! The program is running on cuda. It may take a while...
I am using configuration file number 11
Epoch 1/25: train_loss: 0.6931, train_accuracy: 50.6167, val_loss: 0.6931, val_accuracy: 50.0000
Epoch 2/25: train_loss: 0.6930, train_accuracy: 51.2667, val_loss: 0.6930, val_accuracy: 50.2000
Epoch 3/25: train_loss: 0.6929, train_accuracy: 52.8333, val_loss: 0.6929, val_accuracy: 49.0000
Epoch 4/25: train_loss: 0.6928, train_accuracy: 55.0667, val_loss: 0.6928, val_accuracy: 59.7000
Epoch 5/25: train_loss: 0.6926, train_accuracy: 55.4722, val_loss: 0.6927, val_accuracy: 55.7000
Epoch 6/25: train_loss: 0.6922, train_accuracy: 55.4111, val_loss: 0.6923, val_accuracy: 50.7000
Epoch 7/25: train_loss: 0.6919, train_accuracy: 56.7944, val_loss: 0.6921, val_accuracy: 51.0000
Epoch 8/25: train_loss: 0.6909, train_accuracy: 56.3333, val_loss: 0.6917, val_accuracy: 54.9000
Epoch 9/25: train_loss: 0.6888, train_accuracy: 59.0000, val_loss: 0.6909, val_accuracy: 57.5000
Epoch 10/25: train_loss: 0.6803, train_accuracy: 60.4611, val_loss: 0.6921, val_accuracy: 49.0000
Epoch 11/25: train_loss: 0.6323, train_accuracy: 63.4667, val_loss: 0.6895, val_accuracy: 51.3000
Epoch 12/25: train_loss: 0.5743, train_accuracy: 68.3667, val_loss: 0.7031, val_accuracy: 51.7000
Epoch 13/25: train_loss: 0.5529, train_accuracy: 69.4944, val_loss: 0.7471, val_accuracy: 49.2000
Epoch 14/25: train_loss: 0.5468, train_accuracy: 69.8444, val_loss: 0.7343, val_accuracy: 49.4000
Epoch 15/25: train_loss: 0.5329, train_accuracy: 70.2778, val_loss: 0.6898, val_accuracy: 49.6000
Epoch 16/25: train_loss: 0.5173, train_accuracy: 71.8167, val_loss: 0.6370, val_accuracy: 60.3000
Epoch 17/25: train_loss: 0.4890, train_accuracy: 74.6611, val_loss: 0.6315, val_accuracy: 59.9000
Epoch 18/25: train_loss: 0.4499, train_accuracy: 76.9444, val_loss: 0.8871, val_accuracy: 50.5000
Epoch 19/25: train_loss: 0.4276, train_accuracy: 78.0444, val_loss: 0.7677, val_accuracy: 54.0000
Epoch 20/25: train_loss: 0.4156, train_accuracy: 78.2722, val_loss: 0.5833, val_accuracy: 66.2000
Epoch 21/25: train_loss: 0.4061, train_accuracy: 79.2889, val_loss: 0.5762, val_accuracy: 67.1000
Epoch 22/25: train_loss: 0.4022, train_accuracy: 79.0333, val_loss: 0.5406, val_accuracy: 69.1000
Epoch 23/25: train_loss: 0.3954, train_accuracy: 79.9944, val_loss: 0.5856, val_accuracy: 66.6000
Epoch 24/25: train_loss: 0.3854, train_accuracy: 80.1333, val_loss: 0.5801, val_accuracy: 67.7000
Epoch 25/25: train_loss: 0.3792, train_accuracy: 80.8667, val_loss: 0.5071, val_accuracy: 71.6000
Traceback (most recent call last):
  File "ATML/main.py", line 114, in <module>
    torch.save(model.state_dict(), model_dir + 'model' + experiment_name + '.pt')
  File "/home/ubelix/artorg/kc12n043/miniconda3/envs/atml/lib/python3.7/site-packages/torch/serialization.py", line 224, in save
    return _with_file_like(f, "wb", lambda f: _save(obj, f, pickle_module, pickle_protocol))
  File "/home/ubelix/artorg/kc12n043/miniconda3/envs/atml/lib/python3.7/site-packages/torch/serialization.py", line 147, in _with_file_like
    f = open(f, mode)
FileNotFoundError: [Errno 2] No such file or directory: '../models/model11.pt'
