Python 3.7.3
Welcome! The program is running on cuda. It may take a while...
I am using configuration file number 20
Epoch 1/20: train_loss: 0.6932, train_accuracy: 49.9944, val_loss: 0.6931, val_accuracy: 50.0000
Epoch 2/20: train_loss: 0.6932, train_accuracy: 49.7556, val_loss: 0.6931, val_accuracy: 50.0000
Epoch 3/20: train_loss: 0.6932, train_accuracy: 49.5556, val_loss: 0.6931, val_accuracy: 50.0000
Epoch 4/20: train_loss: 0.6932, train_accuracy: 49.8222, val_loss: 0.6931, val_accuracy: 50.0000
Epoch 5/20: train_loss: 0.6932, train_accuracy: 49.7667, val_loss: 0.6931, val_accuracy: 50.0000
Epoch 6/20: train_loss: 0.6932, train_accuracy: 49.4222, val_loss: 0.6931, val_accuracy: 50.0000
Epoch 7/20: train_loss: 0.6932, train_accuracy: 49.9889, val_loss: 0.6931, val_accuracy: 50.0000
Epoch 8/20: train_loss: 0.6932, train_accuracy: 49.3444, val_loss: 0.6931, val_accuracy: 50.0000
Epoch 9/20: train_loss: 0.6931, train_accuracy: 50.2778, val_loss: 0.6931, val_accuracy: 50.0000
Epoch 10/20: train_loss: 0.6932, train_accuracy: 49.2222, val_loss: 0.6931, val_accuracy: 50.0000
Epoch 11/20: train_loss: 0.6932, train_accuracy: 49.1111, val_loss: 0.6931, val_accuracy: 50.0000
Epoch 12/20: train_loss: 0.6932, train_accuracy: 50.0222, val_loss: 0.6931, val_accuracy: 50.0000
Epoch 13/20: train_loss: 0.6932, train_accuracy: 49.4667, val_loss: 0.6931, val_accuracy: 50.0000
Epoch 14/20: train_loss: 0.6932, train_accuracy: 49.4000, val_loss: 0.6931, val_accuracy: 50.0000
Epoch 15/20: train_loss: 0.6932, train_accuracy: 49.5111, val_loss: 0.6931, val_accuracy: 50.0000
Epoch 16/20: train_loss: 0.6932, train_accuracy: 49.6667, val_loss: 0.6931, val_accuracy: 50.0000
Epoch 17/20: train_loss: 0.6932, train_accuracy: 49.4556, val_loss: 0.6931, val_accuracy: 50.0000
Epoch 18/20: train_loss: 0.6932, train_accuracy: 49.8556, val_loss: 0.6931, val_accuracy: 50.0000
Epoch 19/20: train_loss: 0.6932, train_accuracy: 49.6000, val_loss: 0.6931, val_accuracy: 50.0000
Epoch 20/20: train_loss: 0.6932, train_accuracy: 49.9444, val_loss: 0.6931, val_accuracy: 50.0000
Traceback (most recent call last):
  File "ATML/main.py", line 114, in <module>
    torch.save(model.state_dict(), model_dir + 'model' + experiment_name + '.pt')
  File "/home/ubelix/artorg/kc12n043/miniconda3/envs/atml/lib/python3.7/site-packages/torch/serialization.py", line 224, in save
    return _with_file_like(f, "wb", lambda f: _save(obj, f, pickle_module, pickle_protocol))
  File "/home/ubelix/artorg/kc12n043/miniconda3/envs/atml/lib/python3.7/site-packages/torch/serialization.py", line 147, in _with_file_like
    f = open(f, mode)
FileNotFoundError: [Errno 2] No such file or directory: '../models/model20.pt'
