Python 3.7.3
Welcome! The program is running on cuda. It may take a while...
I am using configuration file number 1
Epoch 1/20: train_loss: 0.6931, train_accuracy: 50.4444, val_loss: 0.6931, val_accuracy: 50.0000
Epoch 2/20: train_loss: 0.6926, train_accuracy: 51.6778, val_loss: 0.6925, val_accuracy: 50.0000
Epoch 3/20: train_loss: 0.6888, train_accuracy: 55.5944, val_loss: 0.6924, val_accuracy: 49.3000
Epoch 4/20: train_loss: 0.6003, train_accuracy: 66.7111, val_loss: 0.6266, val_accuracy: 59.6000
Epoch 5/20: train_loss: 0.4776, train_accuracy: 74.5500, val_loss: 0.6097, val_accuracy: 62.2000
Epoch 6/20: train_loss: 0.4406, train_accuracy: 76.5389, val_loss: 0.5396, val_accuracy: 70.4000
Epoch 7/20: train_loss: 0.4075, train_accuracy: 78.6000, val_loss: 0.6322, val_accuracy: 63.9000
Epoch 8/20: train_loss: 0.3927, train_accuracy: 79.8444, val_loss: 0.7341, val_accuracy: 61.4000
Epoch 9/20: train_loss: 0.3722, train_accuracy: 81.2278, val_loss: 0.4949, val_accuracy: 70.9000
Epoch 10/20: train_loss: 0.3619, train_accuracy: 81.5167, val_loss: 0.6061, val_accuracy: 66.9000
Epoch 11/20: train_loss: 0.3493, train_accuracy: 82.4222, val_loss: 0.4745, val_accuracy: 73.8000
Epoch 12/20: train_loss: 0.3444, train_accuracy: 82.8278, val_loss: 0.5061, val_accuracy: 71.6000
Epoch 13/20: train_loss: 0.3361, train_accuracy: 83.2722, val_loss: 0.5304, val_accuracy: 70.7000
Epoch 14/20: train_loss: 0.3279, train_accuracy: 83.7444, val_loss: 0.6252, val_accuracy: 69.9000
Epoch 15/20: train_loss: 0.3214, train_accuracy: 84.4167, val_loss: 0.5109, val_accuracy: 74.7000
Epoch 16/20: train_loss: 0.3124, train_accuracy: 84.7833, val_loss: 0.5259, val_accuracy: 71.4000
Epoch 17/20: train_loss: 0.3100, train_accuracy: 84.7722, val_loss: 0.6031, val_accuracy: 68.2000
Epoch 18/20: train_loss: 0.3039, train_accuracy: 85.0111, val_loss: 0.6317, val_accuracy: 69.2000
Epoch 19/20: train_loss: 0.2994, train_accuracy: 85.4778, val_loss: 0.8574, val_accuracy: 61.6000
Epoch 20/20: train_loss: 0.2966, train_accuracy: 85.5722, val_loss: 0.6188, val_accuracy: 73.7000
Traceback (most recent call last):
  File "ATML/main.py", line 114, in <module>
    torch.save(model.state_dict(), model_dir + 'model' + experiment_name + '.pt')
  File "/home/ubelix/artorg/kc12n043/miniconda3/envs/atml/lib/python3.7/site-packages/torch/serialization.py", line 224, in save
    return _with_file_like(f, "wb", lambda f: _save(obj, f, pickle_module, pickle_protocol))
  File "/home/ubelix/artorg/kc12n043/miniconda3/envs/atml/lib/python3.7/site-packages/torch/serialization.py", line 147, in _with_file_like
    f = open(f, mode)
FileNotFoundError: [Errno 2] No such file or directory: '../models/model1.pt'
