Python 3.7.3
Welcome! The program is running on cuda. It may take a while...
I am using configuration file number 31
Epoch 1/30: train_loss: 0.6933, train_accuracy: 49.7722, val_loss: 0.6932, val_accuracy: 50.0000
Epoch 2/30: train_loss: 0.6932, train_accuracy: 49.9778, val_loss: 0.6940, val_accuracy: 50.0000
Epoch 3/30: train_loss: 0.6932, train_accuracy: 50.0222, val_loss: 0.6931, val_accuracy: 50.0000
Epoch 4/30: train_loss: 0.6933, train_accuracy: 49.4889, val_loss: 0.6932, val_accuracy: 50.0000
Epoch 5/30: train_loss: 0.6933, train_accuracy: 49.9667, val_loss: 0.6932, val_accuracy: 50.0000
Epoch 6/30: train_loss: 0.6933, train_accuracy: 49.7333, val_loss: 0.6931, val_accuracy: 50.0000
Epoch 7/30: train_loss: 0.6932, train_accuracy: 50.0778, val_loss: 0.6932, val_accuracy: 50.0000
Epoch 8/30: train_loss: 0.6932, train_accuracy: 50.5111, val_loss: 0.6932, val_accuracy: 50.0000
Epoch 9/30: train_loss: 0.6933, train_accuracy: 50.3111, val_loss: 0.6931, val_accuracy: 50.0000
Epoch 10/30: train_loss: 0.6932, train_accuracy: 50.3778, val_loss: 0.6932, val_accuracy: 50.0000
Epoch 11/30: train_loss: 0.6933, train_accuracy: 50.1000, val_loss: 0.6931, val_accuracy: 50.0000
Epoch 12/30: train_loss: 0.6933, train_accuracy: 50.0667, val_loss: 0.6932, val_accuracy: 50.0000
Epoch 13/30: train_loss: 0.6933, train_accuracy: 49.2000, val_loss: 0.6931, val_accuracy: 50.0000
Epoch 14/30: train_loss: 0.6932, train_accuracy: 49.9222, val_loss: 0.6932, val_accuracy: 50.0000
Epoch 15/30: train_loss: 0.6933, train_accuracy: 49.3389, val_loss: 0.6932, val_accuracy: 50.0000
Epoch 16/30: train_loss: 0.6932, train_accuracy: 50.4222, val_loss: 0.6933, val_accuracy: 50.0000
Epoch 17/30: train_loss: 0.6933, train_accuracy: 49.3556, val_loss: 0.6932, val_accuracy: 50.0000
Epoch 18/30: train_loss: 0.6933, train_accuracy: 49.4444, val_loss: 0.6932, val_accuracy: 50.0000
Epoch 19/30: train_loss: 0.6932, train_accuracy: 49.6444, val_loss: 0.6932, val_accuracy: 50.0000
Epoch 20/30: train_loss: 0.6932, train_accuracy: 49.9222, val_loss: 0.6932, val_accuracy: 50.0000
Epoch 21/30: train_loss: 0.6931, train_accuracy: 50.1444, val_loss: 0.6932, val_accuracy: 50.0000
Epoch 22/30: train_loss: 0.6933, train_accuracy: 49.7000, val_loss: 0.6932, val_accuracy: 50.0000
Epoch 23/30: train_loss: 0.6931, train_accuracy: 49.7444, val_loss: 0.6932, val_accuracy: 50.0000
Epoch 24/30: train_loss: 0.6932, train_accuracy: 49.9556, val_loss: 0.6932, val_accuracy: 50.0000
Epoch 25/30: train_loss: 0.6933, train_accuracy: 49.9611, val_loss: 0.6932, val_accuracy: 50.0000
Epoch 26/30: train_loss: 0.6933, train_accuracy: 49.4000, val_loss: 0.6932, val_accuracy: 50.0000
Epoch 27/30: train_loss: 0.6932, train_accuracy: 50.0667, val_loss: 0.6932, val_accuracy: 50.0000
Epoch 28/30: train_loss: 0.6932, train_accuracy: 50.0000, val_loss: 0.6932, val_accuracy: 50.0000
Epoch 29/30: train_loss: 0.6933, train_accuracy: 49.6000, val_loss: 0.6932, val_accuracy: 50.0000
Epoch 30/30: train_loss: 0.6933, train_accuracy: 49.6667, val_loss: 0.6932, val_accuracy: 50.0000
Traceback (most recent call last):
  File "ATML/main.py", line 114, in <module>
    torch.save(model.state_dict(), model_dir + 'model' + experiment_name + '.pt')
  File "/home/ubelix/artorg/kc12n043/miniconda3/envs/atml/lib/python3.7/site-packages/torch/serialization.py", line 224, in save
    return _with_file_like(f, "wb", lambda f: _save(obj, f, pickle_module, pickle_protocol))
  File "/home/ubelix/artorg/kc12n043/miniconda3/envs/atml/lib/python3.7/site-packages/torch/serialization.py", line 147, in _with_file_like
    f = open(f, mode)
FileNotFoundError: [Errno 2] No such file or directory: '../models/model31.pt'
