Python 3.7.3
Welcome! The program is running on cuda. It may take a while...
I am using configuration file number 60
Epoch 1/20: train_loss: 0.4467, train_accuracy: 76.6833, val_loss: 0.9235, val_accuracy: 50.5000
Epoch 2/20: train_loss: 0.3659, train_accuracy: 81.8667, val_loss: 0.5574, val_accuracy: 66.1000
Epoch 3/20: train_loss: 0.3318, train_accuracy: 83.9278, val_loss: 0.4642, val_accuracy: 76.5000
Epoch 4/20: train_loss: 0.3283, train_accuracy: 83.8778, val_loss: 0.4794, val_accuracy: 73.9000
Epoch 5/20: train_loss: 0.3239, train_accuracy: 84.2667, val_loss: 0.4670, val_accuracy: 76.0000
Epoch 6/20: train_loss: 0.3221, train_accuracy: 84.5222, val_loss: 0.5786, val_accuracy: 68.6000
Epoch 7/20: train_loss: 0.3166, train_accuracy: 84.5556, val_loss: 0.4706, val_accuracy: 76.4000
Epoch 8/20: train_loss: 0.3210, train_accuracy: 84.4389, val_loss: 0.4898, val_accuracy: 76.5000
Epoch 9/20: train_loss: 0.3155, train_accuracy: 84.7944, val_loss: 0.8165, val_accuracy: 56.7000
Epoch 10/20: train_loss: 0.3148, train_accuracy: 84.9500, val_loss: 0.5633, val_accuracy: 68.8000
Epoch 11/20: train_loss: 0.3050, train_accuracy: 85.7944, val_loss: 0.7052, val_accuracy: 58.0000
Epoch 12/20: train_loss: 0.3068, train_accuracy: 85.3833, val_loss: 0.5051, val_accuracy: 73.2000
Epoch 13/20: train_loss: 0.3188, train_accuracy: 84.9167, val_loss: 0.5051, val_accuracy: 72.7000
Epoch 14/20: train_loss: 0.3063, train_accuracy: 85.3111, val_loss: 0.8479, val_accuracy: 60.2000
Epoch 15/20: train_loss: 0.3084, train_accuracy: 85.6167, val_loss: 0.6424, val_accuracy: 63.4000
Epoch 16/20: train_loss: 0.3057, train_accuracy: 85.8111, val_loss: 0.5139, val_accuracy: 76.0000
Epoch 17/20: train_loss: 0.3043, train_accuracy: 85.5333, val_loss: 0.5362, val_accuracy: 74.3000
Epoch 18/20: train_loss: 0.3149, train_accuracy: 84.7278, val_loss: 0.6717, val_accuracy: 56.5000
Epoch 19/20: train_loss: 0.3156, train_accuracy: 85.1000, val_loss: 0.7705, val_accuracy: 58.2000
Epoch 20/20: train_loss: 0.3063, train_accuracy: 85.4944, val_loss: 0.5383, val_accuracy: 75.3000
Traceback (most recent call last):
  File "ATML/main.py", line 114, in <module>
    torch.save(model.state_dict(), model_dir + 'model' + experiment_name + '.pt')
  File "/home/ubelix/artorg/kc12n043/miniconda3/envs/atml/lib/python3.7/site-packages/torch/serialization.py", line 224, in save
    return _with_file_like(f, "wb", lambda f: _save(obj, f, pickle_module, pickle_protocol))
  File "/home/ubelix/artorg/kc12n043/miniconda3/envs/atml/lib/python3.7/site-packages/torch/serialization.py", line 147, in _with_file_like
    f = open(f, mode)
FileNotFoundError: [Errno 2] No such file or directory: '../models/model60.pt'
