Python 3.7.3
Welcome! The program is running on cuda. It may take a while...
I am using configuration file number 46
Epoch 1/25: train_loss: 0.6225, train_accuracy: 65.5389, val_loss: 0.6316, val_accuracy: 64.3000
Epoch 2/25: train_loss: 0.5173, train_accuracy: 72.3889, val_loss: 0.6810, val_accuracy: 55.8000
Epoch 3/25: train_loss: 0.4683, train_accuracy: 74.9833, val_loss: 0.7491, val_accuracy: 53.2000
Epoch 4/25: train_loss: 0.4599, train_accuracy: 75.5500, val_loss: 0.6954, val_accuracy: 63.1000
Epoch 5/25: train_loss: 0.4427, train_accuracy: 76.3778, val_loss: 0.7324, val_accuracy: 57.1000
Epoch 6/25: train_loss: 0.4350, train_accuracy: 77.0333, val_loss: 0.6911, val_accuracy: 61.7000
Epoch 7/25: train_loss: 0.4170, train_accuracy: 78.4333, val_loss: 0.6165, val_accuracy: 64.9000
Epoch 8/25: train_loss: 0.4096, train_accuracy: 79.1000, val_loss: 0.6608, val_accuracy: 61.7000
Epoch 9/25: train_loss: 0.4086, train_accuracy: 79.1667, val_loss: 0.6305, val_accuracy: 64.0000
Epoch 10/25: train_loss: 0.4025, train_accuracy: 79.3944, val_loss: 0.5928, val_accuracy: 66.9000
Epoch 11/25: train_loss: 0.3938, train_accuracy: 79.9444, val_loss: 0.6338, val_accuracy: 66.7000
Epoch 12/25: train_loss: 0.3867, train_accuracy: 80.4500, val_loss: 0.5745, val_accuracy: 69.1000
Epoch 13/25: train_loss: 0.3803, train_accuracy: 81.0833, val_loss: 0.5698, val_accuracy: 72.7000
Epoch 14/25: train_loss: 0.3726, train_accuracy: 81.3500, val_loss: 0.6166, val_accuracy: 66.9000
Epoch 15/25: train_loss: 0.3685, train_accuracy: 82.0889, val_loss: 0.5755, val_accuracy: 71.7000
Epoch 16/25: train_loss: 0.3648, train_accuracy: 82.0000, val_loss: 0.6367, val_accuracy: 65.4000
Epoch 17/25: train_loss: 0.3618, train_accuracy: 81.9056, val_loss: 0.6306, val_accuracy: 65.3000
Epoch 18/25: train_loss: 0.3557, train_accuracy: 82.5778, val_loss: 0.6312, val_accuracy: 64.9000
Epoch 19/25: train_loss: 0.3514, train_accuracy: 82.6778, val_loss: 0.7964, val_accuracy: 57.3000
Epoch 20/25: train_loss: 0.3527, train_accuracy: 82.7056, val_loss: 0.5347, val_accuracy: 71.8000
Epoch 21/25: train_loss: 0.3439, train_accuracy: 83.3833, val_loss: 0.5395, val_accuracy: 70.5000
Epoch 22/25: train_loss: 0.3417, train_accuracy: 83.5389, val_loss: 0.5787, val_accuracy: 67.7000
Epoch 23/25: train_loss: 0.3388, train_accuracy: 83.5944, val_loss: 0.5029, val_accuracy: 72.0000
Epoch 24/25: train_loss: 0.3319, train_accuracy: 84.1556, val_loss: 0.6882, val_accuracy: 61.3000
Epoch 25/25: train_loss: 0.3318, train_accuracy: 83.6833, val_loss: 0.7143, val_accuracy: 60.3000
Traceback (most recent call last):
  File "ATML/main.py", line 114, in <module>
    torch.save(model.state_dict(), model_dir + 'model' + experiment_name + '.pt')
  File "/home/ubelix/artorg/kc12n043/miniconda3/envs/atml/lib/python3.7/site-packages/torch/serialization.py", line 224, in save
    return _with_file_like(f, "wb", lambda f: _save(obj, f, pickle_module, pickle_protocol))
  File "/home/ubelix/artorg/kc12n043/miniconda3/envs/atml/lib/python3.7/site-packages/torch/serialization.py", line 147, in _with_file_like
    f = open(f, mode)
FileNotFoundError: [Errno 2] No such file or directory: '../models/model46.pt'
