Python 3.7.3
Welcome! The program is running on cuda. It may take a while...
I am using configuration file number 18
Epoch 1/30: train_loss: 0.6932, train_accuracy: 49.9944, val_loss: 0.6932, val_accuracy: 50.0000
Epoch 2/30: train_loss: 0.6932, train_accuracy: 49.9778, val_loss: 0.6931, val_accuracy: 50.0000
Epoch 3/30: train_loss: 0.6931, train_accuracy: 49.9444, val_loss: 0.6932, val_accuracy: 50.0000
Epoch 4/30: train_loss: 0.6932, train_accuracy: 49.9222, val_loss: 0.6931, val_accuracy: 50.0000
Epoch 5/30: train_loss: 0.6931, train_accuracy: 49.9222, val_loss: 0.6931, val_accuracy: 50.0000
Epoch 6/30: train_loss: 0.6931, train_accuracy: 50.2333, val_loss: 0.6931, val_accuracy: 50.0000
Epoch 7/30: train_loss: 0.6931, train_accuracy: 50.7667, val_loss: 0.6931, val_accuracy: 50.0000
Epoch 8/30: train_loss: 0.6931, train_accuracy: 50.2056, val_loss: 0.6931, val_accuracy: 50.0000
Epoch 9/30: train_loss: 0.6931, train_accuracy: 50.8222, val_loss: 0.6931, val_accuracy: 50.0000
Epoch 10/30: train_loss: 0.6931, train_accuracy: 50.7944, val_loss: 0.6931, val_accuracy: 50.0000
Epoch 11/30: train_loss: 0.6931, train_accuracy: 51.2000, val_loss: 0.6931, val_accuracy: 50.0000
Epoch 12/30: train_loss: 0.6931, train_accuracy: 51.6167, val_loss: 0.6931, val_accuracy: 50.0000
Epoch 13/30: train_loss: 0.6931, train_accuracy: 51.5333, val_loss: 0.6931, val_accuracy: 50.0000
Epoch 14/30: train_loss: 0.6930, train_accuracy: 51.5833, val_loss: 0.6931, val_accuracy: 52.4000
Epoch 15/30: train_loss: 0.6931, train_accuracy: 52.4778, val_loss: 0.6931, val_accuracy: 58.9000
Epoch 16/30: train_loss: 0.6931, train_accuracy: 51.6722, val_loss: 0.6931, val_accuracy: 55.2000
Epoch 17/30: train_loss: 0.6930, train_accuracy: 53.1389, val_loss: 0.6931, val_accuracy: 55.7000
Epoch 18/30: train_loss: 0.6930, train_accuracy: 52.5389, val_loss: 0.6931, val_accuracy: 59.9000
Epoch 19/30: train_loss: 0.6930, train_accuracy: 51.7444, val_loss: 0.6931, val_accuracy: 59.6000
Epoch 20/30: train_loss: 0.6930, train_accuracy: 53.2056, val_loss: 0.6931, val_accuracy: 60.5000
Epoch 21/30: train_loss: 0.6930, train_accuracy: 53.6333, val_loss: 0.6931, val_accuracy: 53.0000
Epoch 22/30: train_loss: 0.6930, train_accuracy: 53.8667, val_loss: 0.6931, val_accuracy: 58.6000
Epoch 23/30: train_loss: 0.6930, train_accuracy: 53.8944, val_loss: 0.6931, val_accuracy: 55.6000
Epoch 24/30: train_loss: 0.6930, train_accuracy: 53.8000, val_loss: 0.6931, val_accuracy: 58.8000
Epoch 25/30: train_loss: 0.6930, train_accuracy: 54.4556, val_loss: 0.6931, val_accuracy: 59.8000
Epoch 26/30: train_loss: 0.6930, train_accuracy: 53.8111, val_loss: 0.6931, val_accuracy: 56.8000
Epoch 27/30: train_loss: 0.6929, train_accuracy: 55.2167, val_loss: 0.6930, val_accuracy: 52.4000
Epoch 28/30: train_loss: 0.6929, train_accuracy: 55.5278, val_loss: 0.6930, val_accuracy: 59.5000
Epoch 29/30: train_loss: 0.6929, train_accuracy: 55.2722, val_loss: 0.6930, val_accuracy: 59.5000
Epoch 30/30: train_loss: 0.6929, train_accuracy: 55.7611, val_loss: 0.6930, val_accuracy: 60.0000
Traceback (most recent call last):
  File "ATML/main.py", line 114, in <module>
    torch.save(model.state_dict(), model_dir + 'model' + experiment_name + '.pt')
  File "/home/ubelix/artorg/kc12n043/miniconda3/envs/atml/lib/python3.7/site-packages/torch/serialization.py", line 224, in save
    return _with_file_like(f, "wb", lambda f: _save(obj, f, pickle_module, pickle_protocol))
  File "/home/ubelix/artorg/kc12n043/miniconda3/envs/atml/lib/python3.7/site-packages/torch/serialization.py", line 147, in _with_file_like
    f = open(f, mode)
FileNotFoundError: [Errno 2] No such file or directory: '../models/model18.pt'
