Python 3.7.3
Welcome! The program is running on cuda. It may take a while...
I am using configuration file number 59
Epoch 1/20: train_loss: 0.5002, train_accuracy: 73.3611, val_loss: 0.8681, val_accuracy: 50.0000
Epoch 2/20: train_loss: 0.5064, train_accuracy: 71.3000, val_loss: 0.7822, val_accuracy: 61.1000
Epoch 3/20: train_loss: 0.5084, train_accuracy: 71.8667, val_loss: 1.2491, val_accuracy: 50.0000
Epoch 4/20: train_loss: 0.5356, train_accuracy: 70.1833, val_loss: 1.1065, val_accuracy: 50.0000
Epoch 5/20: train_loss: 0.5331, train_accuracy: 70.2778, val_loss: 0.9080, val_accuracy: 50.0000
Epoch 6/20: train_loss: 0.4977, train_accuracy: 72.0944, val_loss: 1.1364, val_accuracy: 50.0000
Epoch 7/20: train_loss: 0.4775, train_accuracy: 72.8722, val_loss: 1.3600, val_accuracy: 50.0000
Epoch 8/20: train_loss: 0.4683, train_accuracy: 74.5444, val_loss: 1.8366, val_accuracy: 50.0000
Epoch 9/20: train_loss: 0.4522, train_accuracy: 76.7278, val_loss: 0.7652, val_accuracy: 50.0000
Epoch 10/20: train_loss: 0.4298, train_accuracy: 78.4611, val_loss: 0.9459, val_accuracy: 58.0000
Epoch 11/20: train_loss: 0.4194, train_accuracy: 78.7944, val_loss: 1.9250, val_accuracy: 50.0000
Epoch 12/20: train_loss: 0.4114, train_accuracy: 79.8111, val_loss: 0.9973, val_accuracy: 50.9000
Epoch 13/20: train_loss: 0.3782, train_accuracy: 82.1611, val_loss: 1.5312, val_accuracy: 50.0000
Epoch 14/20: train_loss: 0.3551, train_accuracy: 83.9222, val_loss: 1.6722, val_accuracy: 50.0000
Epoch 15/20: train_loss: 0.3545, train_accuracy: 83.8611, val_loss: 0.4559, val_accuracy: 78.9000
Epoch 16/20: train_loss: 0.3445, train_accuracy: 84.4611, val_loss: 1.5842, val_accuracy: 50.0000
Epoch 17/20: train_loss: 0.3438, train_accuracy: 84.2444, val_loss: 1.4670, val_accuracy: 50.0000
Epoch 18/20: train_loss: 0.3431, train_accuracy: 84.5056, val_loss: 0.7427, val_accuracy: 64.0000
Epoch 19/20: train_loss: 0.3335, train_accuracy: 85.0278, val_loss: 6.6952, val_accuracy: 55.2000
Epoch 20/20: train_loss: 0.3390, train_accuracy: 84.7889, val_loss: 1.0758, val_accuracy: 50.0000
Traceback (most recent call last):
  File "ATML/main.py", line 114, in <module>
    torch.save(model.state_dict(), model_dir + 'model' + experiment_name + '.pt')
  File "/home/ubelix/artorg/kc12n043/miniconda3/envs/atml/lib/python3.7/site-packages/torch/serialization.py", line 224, in save
    return _with_file_like(f, "wb", lambda f: _save(obj, f, pickle_module, pickle_protocol))
  File "/home/ubelix/artorg/kc12n043/miniconda3/envs/atml/lib/python3.7/site-packages/torch/serialization.py", line 147, in _with_file_like
    f = open(f, mode)
FileNotFoundError: [Errno 2] No such file or directory: '../models/model59.pt'
