Python 3.7.3
Welcome! The program is running on cuda. It may take a while...
I am using configuration file number 64
Epoch 1/25: train_loss: 0.4603, train_accuracy: 76.2833, val_loss: 0.6062, val_accuracy: 61.1000
Epoch 2/25: train_loss: 0.3788, train_accuracy: 81.1222, val_loss: 0.5534, val_accuracy: 68.8000
Epoch 3/25: train_loss: 0.3585, train_accuracy: 82.3944, val_loss: 0.5785, val_accuracy: 60.5000
Epoch 4/25: train_loss: 0.3512, train_accuracy: 82.5444, val_loss: 0.4976, val_accuracy: 73.4000
Epoch 5/25: train_loss: 0.3586, train_accuracy: 82.4444, val_loss: 1.3581, val_accuracy: 50.0000
Epoch 6/25: train_loss: 0.3544, train_accuracy: 82.3944, val_loss: 0.6455, val_accuracy: 62.7000
Epoch 7/25: train_loss: 0.3508, train_accuracy: 82.7056, val_loss: 0.6308, val_accuracy: 64.6000
Epoch 8/25: train_loss: 0.3546, train_accuracy: 82.3389, val_loss: 0.7958, val_accuracy: 55.6000
Epoch 9/25: train_loss: 0.3571, train_accuracy: 82.4778, val_loss: 0.6034, val_accuracy: 62.5000
Epoch 10/25: train_loss: 0.3676, train_accuracy: 81.8444, val_loss: 0.5853, val_accuracy: 61.8000
Epoch 11/25: train_loss: 0.3544, train_accuracy: 82.4444, val_loss: 0.7885, val_accuracy: 50.1000
Epoch 12/25: train_loss: 0.3542, train_accuracy: 82.6278, val_loss: 1.3436, val_accuracy: 64.3000
Epoch 13/25: train_loss: 0.3493, train_accuracy: 83.0500, val_loss: 0.7813, val_accuracy: 65.3000
Epoch 14/25: train_loss: 0.3538, train_accuracy: 82.7167, val_loss: 0.4817, val_accuracy: 76.7000
Epoch 15/25: train_loss: 0.3501, train_accuracy: 82.9333, val_loss: 0.7019, val_accuracy: 54.9000
Epoch 16/25: train_loss: 0.3447, train_accuracy: 83.7222, val_loss: 0.4794, val_accuracy: 77.8000
Epoch 17/25: train_loss: 0.3479, train_accuracy: 83.3889, val_loss: 1.6994, val_accuracy: 59.2000
Epoch 18/25: train_loss: 0.3487, train_accuracy: 83.3500, val_loss: 0.4770, val_accuracy: 75.1000
Epoch 19/25: train_loss: 0.3508, train_accuracy: 82.9167, val_loss: 0.6193, val_accuracy: 66.4000
Epoch 20/25: train_loss: 0.3584, train_accuracy: 82.7778, val_loss: 1.8713, val_accuracy: 50.0000
Epoch 21/25: train_loss: 0.3488, train_accuracy: 83.7389, val_loss: 0.5134, val_accuracy: 76.3000
Epoch 22/25: train_loss: 0.3356, train_accuracy: 84.3000, val_loss: 0.5053, val_accuracy: 75.1000
Epoch 23/25: train_loss: 0.3337, train_accuracy: 84.7278, val_loss: 0.5690, val_accuracy: 69.4000
Epoch 24/25: train_loss: 0.3441, train_accuracy: 84.6889, val_loss: 1.4326, val_accuracy: 50.1000
Epoch 25/25: train_loss: 0.3446, train_accuracy: 85.0944, val_loss: 0.4681, val_accuracy: 76.5000
Traceback (most recent call last):
  File "ATML/main.py", line 114, in <module>
    torch.save(model.state_dict(), model_dir + 'model' + experiment_name + '.pt')
  File "/home/ubelix/artorg/kc12n043/miniconda3/envs/atml/lib/python3.7/site-packages/torch/serialization.py", line 224, in save
    return _with_file_like(f, "wb", lambda f: _save(obj, f, pickle_module, pickle_protocol))
  File "/home/ubelix/artorg/kc12n043/miniconda3/envs/atml/lib/python3.7/site-packages/torch/serialization.py", line 147, in _with_file_like
    f = open(f, mode)
FileNotFoundError: [Errno 2] No such file or directory: '../models/model64.pt'
