Python 3.7.3
Welcome! The program is running on cuda. It may take a while...
I am using configuration file number 65
Epoch 1/25: train_loss: 0.4970, train_accuracy: 73.9833, val_loss: 0.6856, val_accuracy: 67.5000
Epoch 2/25: train_loss: 0.5012, train_accuracy: 70.7222, val_loss: 3.1937, val_accuracy: 50.0000
Epoch 3/25: train_loss: 0.5122, train_accuracy: 70.7056, val_loss: 3.7883, val_accuracy: 50.1000
Epoch 4/25: train_loss: 0.5407, train_accuracy: 70.3889, val_loss: 1.7459, val_accuracy: 50.0000
Epoch 5/25: train_loss: 0.5100, train_accuracy: 71.3167, val_loss: 0.8681, val_accuracy: 58.6000
Epoch 6/25: train_loss: 0.4820, train_accuracy: 72.9278, val_loss: 0.8328, val_accuracy: 50.0000
Epoch 7/25: train_loss: 0.5118, train_accuracy: 71.7833, val_loss: 1.2805, val_accuracy: 50.0000
Epoch 8/25: train_loss: 0.4715, train_accuracy: 74.5056, val_loss: 0.7893, val_accuracy: 50.0000
Epoch 9/25: train_loss: 0.4491, train_accuracy: 76.8500, val_loss: 1.3970, val_accuracy: 50.0000
Epoch 10/25: train_loss: 0.4279, train_accuracy: 78.3944, val_loss: 0.6284, val_accuracy: 60.5000
Epoch 11/25: train_loss: 0.4240, train_accuracy: 78.7778, val_loss: 0.7317, val_accuracy: 61.4000
Epoch 12/25: train_loss: 0.4023, train_accuracy: 80.2944, val_loss: 1.3043, val_accuracy: 55.6000
Epoch 13/25: train_loss: 0.3906, train_accuracy: 81.2667, val_loss: 1.5852, val_accuracy: 53.7000
Epoch 14/25: train_loss: 0.3742, train_accuracy: 82.4556, val_loss: 1.7493, val_accuracy: 50.0000
Epoch 15/25: train_loss: 0.3711, train_accuracy: 82.3111, val_loss: 1.5467, val_accuracy: 50.2000
Epoch 16/25: train_loss: 0.3729, train_accuracy: 82.3889, val_loss: 0.5048, val_accuracy: 72.3000
Epoch 17/25: train_loss: 0.3498, train_accuracy: 84.3444, val_loss: 1.1083, val_accuracy: 50.0000
Epoch 18/25: train_loss: 0.3453, train_accuracy: 84.2278, val_loss: 1.5851, val_accuracy: 50.0000
Epoch 19/25: train_loss: 0.3343, train_accuracy: 85.0389, val_loss: 2.2341, val_accuracy: 55.6000
Epoch 20/25: train_loss: 0.3317, train_accuracy: 85.0889, val_loss: 2.6336, val_accuracy: 50.0000
Epoch 21/25: train_loss: 0.3253, train_accuracy: 85.5389, val_loss: 1.1895, val_accuracy: 55.9000
Epoch 22/25: train_loss: 0.3327, train_accuracy: 84.9556, val_loss: 0.8554, val_accuracy: 50.0000
Epoch 23/25: train_loss: 0.3238, train_accuracy: 85.4611, val_loss: 1.4251, val_accuracy: 50.0000
Epoch 24/25: train_loss: 0.3150, train_accuracy: 86.0722, val_loss: 0.7592, val_accuracy: 50.8000
Epoch 25/25: train_loss: 0.3286, train_accuracy: 85.2389, val_loss: 0.9739, val_accuracy: 50.2000
Traceback (most recent call last):
  File "ATML/main.py", line 114, in <module>
    torch.save(model.state_dict(), model_dir + 'model' + experiment_name + '.pt')
  File "/home/ubelix/artorg/kc12n043/miniconda3/envs/atml/lib/python3.7/site-packages/torch/serialization.py", line 224, in save
    return _with_file_like(f, "wb", lambda f: _save(obj, f, pickle_module, pickle_protocol))
  File "/home/ubelix/artorg/kc12n043/miniconda3/envs/atml/lib/python3.7/site-packages/torch/serialization.py", line 147, in _with_file_like
    f = open(f, mode)
FileNotFoundError: [Errno 2] No such file or directory: '../models/model65.pt'
