Python 3.7.3
Welcome! The program is running on cuda. It may take a while...
I am using configuration file number 70
Epoch 1/30: train_loss: 0.4454, train_accuracy: 76.8000, val_loss: 0.5076, val_accuracy: 71.8000
Epoch 2/30: train_loss: 0.3745, train_accuracy: 81.1500, val_loss: 0.5307, val_accuracy: 73.1000
Epoch 3/30: train_loss: 0.3582, train_accuracy: 82.0500, val_loss: 0.6003, val_accuracy: 59.9000
Epoch 4/30: train_loss: 0.3547, train_accuracy: 82.2556, val_loss: 1.3060, val_accuracy: 50.0000
Epoch 5/30: train_loss: 0.3623, train_accuracy: 81.9278, val_loss: 0.4943, val_accuracy: 74.7000
Epoch 6/30: train_loss: 0.3550, train_accuracy: 82.5444, val_loss: 0.4955, val_accuracy: 74.4000
Epoch 7/30: train_loss: 0.3522, train_accuracy: 82.8500, val_loss: 0.5640, val_accuracy: 69.6000
Epoch 8/30: train_loss: 0.3520, train_accuracy: 83.0278, val_loss: 0.6742, val_accuracy: 64.2000
Epoch 9/30: train_loss: 0.3546, train_accuracy: 82.7111, val_loss: 0.5246, val_accuracy: 74.3000
Epoch 10/30: train_loss: 0.3447, train_accuracy: 83.1500, val_loss: 0.5343, val_accuracy: 74.7000
Epoch 11/30: train_loss: 0.3408, train_accuracy: 83.5833, val_loss: 0.5922, val_accuracy: 65.1000
Epoch 12/30: train_loss: 0.3450, train_accuracy: 83.3778, val_loss: 0.4452, val_accuracy: 77.4000
Epoch 13/30: train_loss: 0.3475, train_accuracy: 83.2667, val_loss: 0.9438, val_accuracy: 58.3000
Epoch 14/30: train_loss: 0.3582, train_accuracy: 82.3889, val_loss: 0.8237, val_accuracy: 70.5000
Epoch 15/30: train_loss: 0.3403, train_accuracy: 83.3667, val_loss: 0.5197, val_accuracy: 73.7000
Epoch 16/30: train_loss: 0.3511, train_accuracy: 83.0278, val_loss: 3.6612, val_accuracy: 50.0000
Epoch 17/30: train_loss: 0.3539, train_accuracy: 82.6556, val_loss: 0.6124, val_accuracy: 63.2000
Epoch 18/30: train_loss: 0.3428, train_accuracy: 83.3000, val_loss: 0.8526, val_accuracy: 59.6000
Epoch 19/30: train_loss: 0.3402, train_accuracy: 83.9611, val_loss: 0.7875, val_accuracy: 54.8000
Epoch 20/30: train_loss: 0.3441, train_accuracy: 83.8889, val_loss: 0.4948, val_accuracy: 76.7000
Epoch 21/30: train_loss: 0.3435, train_accuracy: 84.3444, val_loss: 0.4905, val_accuracy: 75.5000
Epoch 22/30: train_loss: 0.3340, train_accuracy: 84.4722, val_loss: 2.3104, val_accuracy: 50.1000
Epoch 23/30: train_loss: 0.3305, train_accuracy: 85.2278, val_loss: 2.3751, val_accuracy: 63.3000
Epoch 24/30: train_loss: 0.3385, train_accuracy: 85.1056, val_loss: 0.7270, val_accuracy: 53.0000
Epoch 25/30: train_loss: 0.3384, train_accuracy: 85.4222, val_loss: 1.1806, val_accuracy: 50.0000
Epoch 26/30: train_loss: 0.3348, train_accuracy: 85.4444, val_loss: 0.6431, val_accuracy: 60.0000
Epoch 27/30: train_loss: 0.3270, train_accuracy: 85.7889, val_loss: 0.5088, val_accuracy: 74.9000
Epoch 28/30: train_loss: 0.3242, train_accuracy: 85.7278, val_loss: 0.4680, val_accuracy: 77.0000
Epoch 29/30: train_loss: 0.3205, train_accuracy: 86.4500, val_loss: 0.5404, val_accuracy: 70.5000
Epoch 30/30: train_loss: 0.3212, train_accuracy: 86.0778, val_loss: 0.5128, val_accuracy: 75.5000
Traceback (most recent call last):
  File "ATML/main.py", line 114, in <module>
    torch.save(model.state_dict(), model_dir + 'model' + experiment_name + '.pt')
  File "/home/ubelix/artorg/kc12n043/miniconda3/envs/atml/lib/python3.7/site-packages/torch/serialization.py", line 224, in save
    return _with_file_like(f, "wb", lambda f: _save(obj, f, pickle_module, pickle_protocol))
  File "/home/ubelix/artorg/kc12n043/miniconda3/envs/atml/lib/python3.7/site-packages/torch/serialization.py", line 147, in _with_file_like
    f = open(f, mode)
FileNotFoundError: [Errno 2] No such file or directory: '../models/model70.pt'
