Python 3.7.3
Welcome! The program is running on cuda. It may take a while...
I am using configuration file number 17
Epoch 1/30: train_loss: 0.6932, train_accuracy: 50.3778, val_loss: 0.6931, val_accuracy: 50.0000
Epoch 2/30: train_loss: 0.6931, train_accuracy: 50.5278, val_loss: 0.6930, val_accuracy: 50.0000
Epoch 3/30: train_loss: 0.6930, train_accuracy: 52.1167, val_loss: 0.6930, val_accuracy: 59.2000
Epoch 4/30: train_loss: 0.6929, train_accuracy: 53.4000, val_loss: 0.6929, val_accuracy: 54.0000
Epoch 5/30: train_loss: 0.6927, train_accuracy: 53.5167, val_loss: 0.6927, val_accuracy: 54.6000
Epoch 6/30: train_loss: 0.6925, train_accuracy: 55.5667, val_loss: 0.6926, val_accuracy: 53.8000
Epoch 7/30: train_loss: 0.6920, train_accuracy: 56.3000, val_loss: 0.6923, val_accuracy: 51.9000
Epoch 8/30: train_loss: 0.6913, train_accuracy: 58.9000, val_loss: 0.6919, val_accuracy: 59.1000
Epoch 9/30: train_loss: 0.6899, train_accuracy: 61.2389, val_loss: 0.6911, val_accuracy: 53.1000
Epoch 10/30: train_loss: 0.6861, train_accuracy: 59.3833, val_loss: 0.6900, val_accuracy: 55.7000
Epoch 11/30: train_loss: 0.6660, train_accuracy: 61.1333, val_loss: 0.6897, val_accuracy: 53.1000
Epoch 12/30: train_loss: 0.6025, train_accuracy: 66.1444, val_loss: 0.7325, val_accuracy: 49.8000
Epoch 13/30: train_loss: 0.5637, train_accuracy: 69.0444, val_loss: 0.7280, val_accuracy: 49.4000
Epoch 14/30: train_loss: 0.5467, train_accuracy: 69.6833, val_loss: 0.7077, val_accuracy: 58.9000
Epoch 15/30: train_loss: 0.5369, train_accuracy: 70.1944, val_loss: 0.7631, val_accuracy: 50.0000
Epoch 16/30: train_loss: 0.5280, train_accuracy: 70.9556, val_loss: 0.6576, val_accuracy: 59.1000
Epoch 17/30: train_loss: 0.5050, train_accuracy: 73.4000, val_loss: 0.5931, val_accuracy: 68.7000
Epoch 18/30: train_loss: 0.4666, train_accuracy: 76.6500, val_loss: 0.6660, val_accuracy: 58.7000
Epoch 19/30: train_loss: 0.4493, train_accuracy: 77.0833, val_loss: 0.5987, val_accuracy: 65.7000
Epoch 20/30: train_loss: 0.4219, train_accuracy: 78.7667, val_loss: 0.5884, val_accuracy: 67.2000
Epoch 21/30: train_loss: 0.4155, train_accuracy: 78.6444, val_loss: 0.6827, val_accuracy: 60.9000
Epoch 22/30: train_loss: 0.4062, train_accuracy: 78.9667, val_loss: 0.8077, val_accuracy: 56.5000
Epoch 23/30: train_loss: 0.4007, train_accuracy: 79.5389, val_loss: 0.5207, val_accuracy: 75.1000
Epoch 24/30: train_loss: 0.3924, train_accuracy: 80.0111, val_loss: 0.6605, val_accuracy: 61.6000
Epoch 25/30: train_loss: 0.3817, train_accuracy: 80.5167, val_loss: 0.5259, val_accuracy: 71.1000
Epoch 26/30: train_loss: 0.3839, train_accuracy: 80.6611, val_loss: 0.5500, val_accuracy: 69.7000
Epoch 27/30: train_loss: 0.3697, train_accuracy: 81.2167, val_loss: 0.5927, val_accuracy: 68.2000
Epoch 28/30: train_loss: 0.3712, train_accuracy: 80.9944, val_loss: 0.6070, val_accuracy: 69.9000
Epoch 29/30: train_loss: 0.3734, train_accuracy: 81.0611, val_loss: 0.7542, val_accuracy: 58.0000
Epoch 30/30: train_loss: 0.3575, train_accuracy: 82.0000, val_loss: 0.5001, val_accuracy: 73.6000
Traceback (most recent call last):
  File "ATML/main.py", line 114, in <module>
    torch.save(model.state_dict(), model_dir + 'model' + experiment_name + '.pt')
  File "/home/ubelix/artorg/kc12n043/miniconda3/envs/atml/lib/python3.7/site-packages/torch/serialization.py", line 224, in save
    return _with_file_like(f, "wb", lambda f: _save(obj, f, pickle_module, pickle_protocol))
  File "/home/ubelix/artorg/kc12n043/miniconda3/envs/atml/lib/python3.7/site-packages/torch/serialization.py", line 147, in _with_file_like
    f = open(f, mode)
FileNotFoundError: [Errno 2] No such file or directory: '../models/model17.pt'
