Python 3.7.3
Welcome! The program is running on cuda. It may take a while...
I am using configuration file number 15
Epoch 1/30: train_loss: 0.6931, train_accuracy: 49.9111, val_loss: 0.6930, val_accuracy: 50.0000
Epoch 2/30: train_loss: 0.6930, train_accuracy: 50.7889, val_loss: 0.6929, val_accuracy: 52.3000
Epoch 3/30: train_loss: 0.6926, train_accuracy: 52.9056, val_loss: 0.6927, val_accuracy: 56.7000
Epoch 4/30: train_loss: 0.6917, train_accuracy: 54.7167, val_loss: 0.6923, val_accuracy: 53.2000
Epoch 5/30: train_loss: 0.6881, train_accuracy: 57.9000, val_loss: 0.6929, val_accuracy: 49.1000
Epoch 6/30: train_loss: 0.6354, train_accuracy: 63.6278, val_loss: 0.7072, val_accuracy: 50.3000
Epoch 7/30: train_loss: 0.5630, train_accuracy: 69.0944, val_loss: 0.7114, val_accuracy: 48.9000
Epoch 8/30: train_loss: 0.5373, train_accuracy: 70.7111, val_loss: 0.6932, val_accuracy: 48.7000
Epoch 9/30: train_loss: 0.4988, train_accuracy: 73.9889, val_loss: 0.6518, val_accuracy: 58.7000
Epoch 10/30: train_loss: 0.4504, train_accuracy: 76.8500, val_loss: 0.6246, val_accuracy: 64.2000
Epoch 11/30: train_loss: 0.4283, train_accuracy: 77.5944, val_loss: 0.5936, val_accuracy: 65.6000
Epoch 12/30: train_loss: 0.4175, train_accuracy: 78.4333, val_loss: 0.8053, val_accuracy: 58.7000
Epoch 13/30: train_loss: 0.3975, train_accuracy: 79.5000, val_loss: 0.8407, val_accuracy: 58.4000
Epoch 14/30: train_loss: 0.3884, train_accuracy: 80.1389, val_loss: 0.6891, val_accuracy: 64.3000
Epoch 15/30: train_loss: 0.3808, train_accuracy: 80.1833, val_loss: 0.5885, val_accuracy: 66.0000
Epoch 16/30: train_loss: 0.3782, train_accuracy: 80.5778, val_loss: 0.8993, val_accuracy: 54.1000
Epoch 17/30: train_loss: 0.3659, train_accuracy: 81.3889, val_loss: 0.5415, val_accuracy: 69.8000
Epoch 18/30: train_loss: 0.3553, train_accuracy: 81.8056, val_loss: 0.5132, val_accuracy: 71.4000
Epoch 19/30: train_loss: 0.3476, train_accuracy: 82.5889, val_loss: 0.5382, val_accuracy: 71.2000
Epoch 20/30: train_loss: 0.3431, train_accuracy: 82.9333, val_loss: 0.7244, val_accuracy: 65.5000
Epoch 21/30: train_loss: 0.3338, train_accuracy: 83.2833, val_loss: 0.4822, val_accuracy: 75.2000
Epoch 22/30: train_loss: 0.3298, train_accuracy: 83.7222, val_loss: 0.5172, val_accuracy: 73.2000
Epoch 23/30: train_loss: 0.3263, train_accuracy: 83.9333, val_loss: 0.5589, val_accuracy: 70.6000
Epoch 24/30: train_loss: 0.3165, train_accuracy: 84.5944, val_loss: 0.5672, val_accuracy: 72.5000
Epoch 25/30: train_loss: 0.3169, train_accuracy: 84.6389, val_loss: 0.4566, val_accuracy: 77.8000
Epoch 26/30: train_loss: 0.3099, train_accuracy: 84.6222, val_loss: 0.4815, val_accuracy: 78.4000
Epoch 27/30: train_loss: 0.3022, train_accuracy: 85.5833, val_loss: 0.6436, val_accuracy: 70.7000
Epoch 28/30: train_loss: 0.2998, train_accuracy: 85.8444, val_loss: 0.6687, val_accuracy: 66.5000
Epoch 29/30: train_loss: 0.2995, train_accuracy: 85.5889, val_loss: 0.4514, val_accuracy: 78.6000
Epoch 30/30: train_loss: 0.2912, train_accuracy: 86.0389, val_loss: 0.4398, val_accuracy: 78.9000
Traceback (most recent call last):
  File "ATML/main.py", line 114, in <module>
    torch.save(model.state_dict(), model_dir + 'model' + experiment_name + '.pt')
  File "/home/ubelix/artorg/kc12n043/miniconda3/envs/atml/lib/python3.7/site-packages/torch/serialization.py", line 224, in save
    return _with_file_like(f, "wb", lambda f: _save(obj, f, pickle_module, pickle_protocol))
  File "/home/ubelix/artorg/kc12n043/miniconda3/envs/atml/lib/python3.7/site-packages/torch/serialization.py", line 147, in _with_file_like
    f = open(f, mode)
FileNotFoundError: [Errno 2] No such file or directory: '../models/model15.pt'
