Python 3.7.3
Welcome! The program is running on cuda. It may take a while...
I am using configuration file number 16
Epoch 1/30: train_loss: 0.6932, train_accuracy: 50.0111, val_loss: 0.6932, val_accuracy: 50.0000
Epoch 2/30: train_loss: 0.6932, train_accuracy: 49.9167, val_loss: 0.6932, val_accuracy: 50.0000
Epoch 3/30: train_loss: 0.6931, train_accuracy: 50.0444, val_loss: 0.6931, val_accuracy: 50.0000
Epoch 4/30: train_loss: 0.6931, train_accuracy: 50.1778, val_loss: 0.6931, val_accuracy: 50.0000
Epoch 5/30: train_loss: 0.6931, train_accuracy: 50.8500, val_loss: 0.6931, val_accuracy: 50.0000
Epoch 6/30: train_loss: 0.6931, train_accuracy: 51.1222, val_loss: 0.6931, val_accuracy: 65.0000
Epoch 7/30: train_loss: 0.6931, train_accuracy: 51.8167, val_loss: 0.6931, val_accuracy: 62.4000
Epoch 8/30: train_loss: 0.6931, train_accuracy: 52.6000, val_loss: 0.6931, val_accuracy: 53.4000
Epoch 9/30: train_loss: 0.6930, train_accuracy: 52.8389, val_loss: 0.6931, val_accuracy: 64.7000
Epoch 10/30: train_loss: 0.6930, train_accuracy: 52.4167, val_loss: 0.6931, val_accuracy: 53.6000
Epoch 11/30: train_loss: 0.6930, train_accuracy: 52.5333, val_loss: 0.6931, val_accuracy: 64.1000
Epoch 12/30: train_loss: 0.6930, train_accuracy: 53.5556, val_loss: 0.6931, val_accuracy: 60.8000
Epoch 13/30: train_loss: 0.6930, train_accuracy: 53.6056, val_loss: 0.6930, val_accuracy: 57.3000
Epoch 14/30: train_loss: 0.6930, train_accuracy: 53.6389, val_loss: 0.6930, val_accuracy: 63.6000
Epoch 15/30: train_loss: 0.6930, train_accuracy: 53.0667, val_loss: 0.6930, val_accuracy: 54.3000
Epoch 16/30: train_loss: 0.6929, train_accuracy: 54.4444, val_loss: 0.6930, val_accuracy: 53.0000
Epoch 17/30: train_loss: 0.6929, train_accuracy: 54.5444, val_loss: 0.6930, val_accuracy: 52.7000
Epoch 18/30: train_loss: 0.6929, train_accuracy: 55.2333, val_loss: 0.6930, val_accuracy: 53.6000
Epoch 19/30: train_loss: 0.6929, train_accuracy: 52.6500, val_loss: 0.6930, val_accuracy: 63.1000
Epoch 20/30: train_loss: 0.6928, train_accuracy: 56.0667, val_loss: 0.6930, val_accuracy: 60.3000
Epoch 21/30: train_loss: 0.6928, train_accuracy: 54.5611, val_loss: 0.6930, val_accuracy: 63.7000
Epoch 22/30: train_loss: 0.6928, train_accuracy: 57.4111, val_loss: 0.6929, val_accuracy: 62.8000
Epoch 23/30: train_loss: 0.6927, train_accuracy: 57.3222, val_loss: 0.6929, val_accuracy: 61.4000
Epoch 24/30: train_loss: 0.6927, train_accuracy: 54.2500, val_loss: 0.6929, val_accuracy: 58.0000
Epoch 25/30: train_loss: 0.6927, train_accuracy: 59.1000, val_loss: 0.6929, val_accuracy: 59.8000
Epoch 26/30: train_loss: 0.6927, train_accuracy: 59.2000, val_loss: 0.6929, val_accuracy: 59.6000
Epoch 27/30: train_loss: 0.6926, train_accuracy: 59.2556, val_loss: 0.6929, val_accuracy: 62.2000
Epoch 28/30: train_loss: 0.6926, train_accuracy: 55.0000, val_loss: 0.6929, val_accuracy: 61.0000
Epoch 29/30: train_loss: 0.6925, train_accuracy: 60.1500, val_loss: 0.6928, val_accuracy: 61.2000
Epoch 30/30: train_loss: 0.6925, train_accuracy: 60.4222, val_loss: 0.6928, val_accuracy: 61.2000
Traceback (most recent call last):
  File "ATML/main.py", line 114, in <module>
    torch.save(model.state_dict(), model_dir + 'model' + experiment_name + '.pt')
  File "/home/ubelix/artorg/kc12n043/miniconda3/envs/atml/lib/python3.7/site-packages/torch/serialization.py", line 224, in save
    return _with_file_like(f, "wb", lambda f: _save(obj, f, pickle_module, pickle_protocol))
  File "/home/ubelix/artorg/kc12n043/miniconda3/envs/atml/lib/python3.7/site-packages/torch/serialization.py", line 147, in _with_file_like
    f = open(f, mode)
FileNotFoundError: [Errno 2] No such file or directory: '../models/model16.pt'
