Python 3.7.3
Welcome! The program is running on cuda. It may take a while...
I am using configuration file number 54
Epoch 1/30: train_loss: 0.6371, train_accuracy: 64.6778, val_loss: 0.6154, val_accuracy: 67.4000
Epoch 2/30: train_loss: 0.5564, train_accuracy: 69.5389, val_loss: 0.6373, val_accuracy: 61.5000
Epoch 3/30: train_loss: 0.5250, train_accuracy: 71.9500, val_loss: 0.6548, val_accuracy: 62.9000
Epoch 4/30: train_loss: 0.4825, train_accuracy: 73.5056, val_loss: 0.5936, val_accuracy: 70.4000
Epoch 5/30: train_loss: 0.4628, train_accuracy: 74.7222, val_loss: 0.6749, val_accuracy: 57.8000
Epoch 6/30: train_loss: 0.4442, train_accuracy: 76.1056, val_loss: 0.6753, val_accuracy: 61.2000
Epoch 7/30: train_loss: 0.4360, train_accuracy: 76.5278, val_loss: 0.6923, val_accuracy: 56.3000
Epoch 8/30: train_loss: 0.4264, train_accuracy: 77.6944, val_loss: 0.6207, val_accuracy: 67.3000
Epoch 9/30: train_loss: 0.4171, train_accuracy: 78.1444, val_loss: 0.7202, val_accuracy: 56.4000
Epoch 10/30: train_loss: 0.4131, train_accuracy: 78.5889, val_loss: 0.5987, val_accuracy: 68.2000
Epoch 11/30: train_loss: 0.4038, train_accuracy: 79.0944, val_loss: 0.6459, val_accuracy: 64.0000
Epoch 12/30: train_loss: 0.3963, train_accuracy: 79.8000, val_loss: 0.6570, val_accuracy: 63.5000
Epoch 13/30: train_loss: 0.4129, train_accuracy: 78.8944, val_loss: 0.6673, val_accuracy: 59.3000
Epoch 14/30: train_loss: 0.4043, train_accuracy: 79.0167, val_loss: 0.6893, val_accuracy: 57.7000
Epoch 15/30: train_loss: 0.3984, train_accuracy: 79.6611, val_loss: 0.6145, val_accuracy: 70.5000
Epoch 16/30: train_loss: 0.3938, train_accuracy: 79.7833, val_loss: 0.5546, val_accuracy: 72.2000
Epoch 17/30: train_loss: 0.3831, train_accuracy: 80.4278, val_loss: 0.6214, val_accuracy: 65.8000
Epoch 18/30: train_loss: 0.3774, train_accuracy: 80.7444, val_loss: 0.6176, val_accuracy: 65.3000
Epoch 19/30: train_loss: 0.3737, train_accuracy: 81.3667, val_loss: 0.7153, val_accuracy: 61.2000
Epoch 20/30: train_loss: 0.3699, train_accuracy: 81.5167, val_loss: 0.5768, val_accuracy: 73.2000
Epoch 21/30: train_loss: 0.3647, train_accuracy: 81.7222, val_loss: 0.6146, val_accuracy: 69.1000
Epoch 22/30: train_loss: 0.3671, train_accuracy: 81.8333, val_loss: 0.6252, val_accuracy: 67.8000
Epoch 23/30: train_loss: 0.3582, train_accuracy: 82.3944, val_loss: 0.6896, val_accuracy: 62.6000
Epoch 24/30: train_loss: 0.3578, train_accuracy: 82.4444, val_loss: 0.7649, val_accuracy: 57.9000
Epoch 25/30: train_loss: 0.3522, train_accuracy: 82.8333, val_loss: 0.5188, val_accuracy: 73.5000
Epoch 26/30: train_loss: 0.3440, train_accuracy: 83.2556, val_loss: 0.6649, val_accuracy: 62.7000
Epoch 27/30: train_loss: 0.3405, train_accuracy: 83.5722, val_loss: 0.5754, val_accuracy: 68.0000
Epoch 28/30: train_loss: 0.3418, train_accuracy: 83.3444, val_loss: 0.5307, val_accuracy: 70.9000
Epoch 29/30: train_loss: 0.3388, train_accuracy: 83.4722, val_loss: 0.6688, val_accuracy: 64.8000
Epoch 30/30: train_loss: 0.3344, train_accuracy: 83.8278, val_loss: 0.7356, val_accuracy: 59.8000
Traceback (most recent call last):
  File "ATML/main.py", line 114, in <module>
    torch.save(model.state_dict(), model_dir + 'model' + experiment_name + '.pt')
  File "/home/ubelix/artorg/kc12n043/miniconda3/envs/atml/lib/python3.7/site-packages/torch/serialization.py", line 224, in save
    return _with_file_like(f, "wb", lambda f: _save(obj, f, pickle_module, pickle_protocol))
  File "/home/ubelix/artorg/kc12n043/miniconda3/envs/atml/lib/python3.7/site-packages/torch/serialization.py", line 147, in _with_file_like
    f = open(f, mode)
FileNotFoundError: [Errno 2] No such file or directory: '../models/model54.pt'
