Python 3.7.3
Welcome! The program is running on cuda. It may take a while...
I am using configuration file number 32
Epoch 1/30: train_loss: 0.6932, train_accuracy: 50.0056, val_loss: 0.6931, val_accuracy: 50.0000
Epoch 2/30: train_loss: 0.6932, train_accuracy: 50.0000, val_loss: 0.6932, val_accuracy: 50.0000
Epoch 3/30: train_loss: 0.6932, train_accuracy: 50.0000, val_loss: 0.6932, val_accuracy: 50.0000
Epoch 4/30: train_loss: 0.6932, train_accuracy: 49.6444, val_loss: 0.6931, val_accuracy: 50.0000
Epoch 5/30: train_loss: 0.6932, train_accuracy: 49.6444, val_loss: 0.6931, val_accuracy: 50.0000
Epoch 6/30: train_loss: 0.6932, train_accuracy: 49.5000, val_loss: 0.6931, val_accuracy: 50.0000
Epoch 7/30: train_loss: 0.6932, train_accuracy: 49.6333, val_loss: 0.6931, val_accuracy: 50.0000
Epoch 8/30: train_loss: 0.6932, train_accuracy: 49.1667, val_loss: 0.6931, val_accuracy: 50.0000
Epoch 9/30: train_loss: 0.6932, train_accuracy: 49.7222, val_loss: 0.6931, val_accuracy: 50.0000
Epoch 10/30: train_loss: 0.6932, train_accuracy: 49.5222, val_loss: 0.6931, val_accuracy: 50.0000
Epoch 11/30: train_loss: 0.6932, train_accuracy: 50.1111, val_loss: 0.6931, val_accuracy: 50.0000
Epoch 12/30: train_loss: 0.6932, train_accuracy: 49.5222, val_loss: 0.6931, val_accuracy: 50.0000
Epoch 13/30: train_loss: 0.6932, train_accuracy: 49.7667, val_loss: 0.6931, val_accuracy: 50.0000
Epoch 14/30: train_loss: 0.6932, train_accuracy: 49.6667, val_loss: 0.6931, val_accuracy: 50.0000
Epoch 15/30: train_loss: 0.6932, train_accuracy: 49.2667, val_loss: 0.6931, val_accuracy: 50.0000
Epoch 16/30: train_loss: 0.6932, train_accuracy: 49.3222, val_loss: 0.6931, val_accuracy: 50.0000
Epoch 17/30: train_loss: 0.6932, train_accuracy: 49.4333, val_loss: 0.6931, val_accuracy: 50.0000
Epoch 18/30: train_loss: 0.6932, train_accuracy: 49.9000, val_loss: 0.6931, val_accuracy: 50.0000
Epoch 19/30: train_loss: 0.6932, train_accuracy: 49.8444, val_loss: 0.6932, val_accuracy: 50.0000
Epoch 20/30: train_loss: 0.6932, train_accuracy: 49.9222, val_loss: 0.6931, val_accuracy: 50.0000
Epoch 21/30: train_loss: 0.6932, train_accuracy: 49.3889, val_loss: 0.6931, val_accuracy: 50.0000
Epoch 22/30: train_loss: 0.6932, train_accuracy: 49.1000, val_loss: 0.6931, val_accuracy: 50.0000
Epoch 23/30: train_loss: 0.6932, train_accuracy: 49.5556, val_loss: 0.6931, val_accuracy: 50.0000
Epoch 24/30: train_loss: 0.6932, train_accuracy: 49.5444, val_loss: 0.6931, val_accuracy: 50.0000
Epoch 25/30: train_loss: 0.6932, train_accuracy: 49.3222, val_loss: 0.6931, val_accuracy: 50.0000
Epoch 26/30: train_loss: 0.6932, train_accuracy: 49.9889, val_loss: 0.6931, val_accuracy: 50.0000
Epoch 27/30: train_loss: 0.6932, train_accuracy: 49.8778, val_loss: 0.6931, val_accuracy: 50.0000
Epoch 28/30: train_loss: 0.6932, train_accuracy: 49.7889, val_loss: 0.6931, val_accuracy: 50.0000
Epoch 29/30: train_loss: 0.6932, train_accuracy: 49.2556, val_loss: 0.6931, val_accuracy: 50.0000
Epoch 30/30: train_loss: 0.6932, train_accuracy: 49.5889, val_loss: 0.6931, val_accuracy: 50.0000
Traceback (most recent call last):
  File "ATML/main.py", line 114, in <module>
    torch.save(model.state_dict(), model_dir + 'model' + experiment_name + '.pt')
  File "/home/ubelix/artorg/kc12n043/miniconda3/envs/atml/lib/python3.7/site-packages/torch/serialization.py", line 224, in save
    return _with_file_like(f, "wb", lambda f: _save(obj, f, pickle_module, pickle_protocol))
  File "/home/ubelix/artorg/kc12n043/miniconda3/envs/atml/lib/python3.7/site-packages/torch/serialization.py", line 147, in _with_file_like
    f = open(f, mode)
FileNotFoundError: [Errno 2] No such file or directory: '../models/model32.pt'
