Python 3.7.3
Welcome! The program is running on cuda. It may take a while...
I am using configuration file number 68
Epoch 1/30: train_loss: 0.4641, train_accuracy: 76.4500, val_loss: 0.8432, val_accuracy: 50.3000
Epoch 2/30: train_loss: 0.3992, train_accuracy: 79.3000, val_loss: 0.4875, val_accuracy: 74.7000
Epoch 3/30: train_loss: 0.4170, train_accuracy: 78.0833, val_loss: 0.6634, val_accuracy: 58.3000
Epoch 4/30: train_loss: 0.4097, train_accuracy: 78.6556, val_loss: 0.5800, val_accuracy: 64.5000
Epoch 5/30: train_loss: 0.4360, train_accuracy: 77.3667, val_loss: 0.5617, val_accuracy: 71.7000
Epoch 6/30: train_loss: 0.4301, train_accuracy: 77.2611, val_loss: 0.6669, val_accuracy: 48.5000
Epoch 7/30: train_loss: 0.4130, train_accuracy: 78.4722, val_loss: 1.7076, val_accuracy: 49.8000
Epoch 8/30: train_loss: 0.4249, train_accuracy: 77.8389, val_loss: 0.6809, val_accuracy: 70.2000
Epoch 9/30: train_loss: 0.4256, train_accuracy: 78.8833, val_loss: 0.5493, val_accuracy: 70.6000
Epoch 10/30: train_loss: 0.4203, train_accuracy: 79.1500, val_loss: 0.5172, val_accuracy: 73.8000
Epoch 11/30: train_loss: 0.4020, train_accuracy: 80.7778, val_loss: 0.4846, val_accuracy: 76.0000
Epoch 12/30: train_loss: 0.3881, train_accuracy: 82.1833, val_loss: 0.4718, val_accuracy: 76.8000
Epoch 13/30: train_loss: 0.3916, train_accuracy: 82.5111, val_loss: 0.4658, val_accuracy: 76.8000
Epoch 14/30: train_loss: 0.3817, train_accuracy: 83.1833, val_loss: 0.4808, val_accuracy: 75.4000
Epoch 15/30: train_loss: 0.3742, train_accuracy: 82.9611, val_loss: 0.4819, val_accuracy: 74.2000
Epoch 16/30: train_loss: 0.3667, train_accuracy: 83.6111, val_loss: 0.4928, val_accuracy: 74.2000
Epoch 17/30: train_loss: 0.3590, train_accuracy: 84.0556, val_loss: 0.5268, val_accuracy: 73.0000
Epoch 18/30: train_loss: 0.3529, train_accuracy: 84.2889, val_loss: 0.5159, val_accuracy: 70.8000
Epoch 19/30: train_loss: 0.3500, train_accuracy: 84.3611, val_loss: 0.4464, val_accuracy: 77.5000
Epoch 20/30: train_loss: 0.3474, train_accuracy: 84.6444, val_loss: 0.4638, val_accuracy: 76.4000
Epoch 21/30: train_loss: 0.3434, train_accuracy: 84.8222, val_loss: 0.7912, val_accuracy: 52.4000
Epoch 22/30: train_loss: 0.3413, train_accuracy: 85.1556, val_loss: 0.4749, val_accuracy: 74.6000
Epoch 23/30: train_loss: 0.3380, train_accuracy: 85.1833, val_loss: 0.5019, val_accuracy: 74.1000
Epoch 24/30: train_loss: 0.3365, train_accuracy: 85.1722, val_loss: 0.4450, val_accuracy: 78.6000
Epoch 25/30: train_loss: 0.3338, train_accuracy: 85.1389, val_loss: 0.4976, val_accuracy: 72.7000
Epoch 26/30: train_loss: 0.3373, train_accuracy: 85.0389, val_loss: 0.4793, val_accuracy: 74.3000
Epoch 27/30: train_loss: 0.3326, train_accuracy: 85.4111, val_loss: 0.4897, val_accuracy: 73.2000
Epoch 28/30: train_loss: 0.3252, train_accuracy: 85.9333, val_loss: 0.5005, val_accuracy: 73.0000
Epoch 29/30: train_loss: 0.3330, train_accuracy: 85.2056, val_loss: 0.5685, val_accuracy: 68.8000
Epoch 30/30: train_loss: 0.3232, train_accuracy: 86.1000, val_loss: 0.5033, val_accuracy: 71.5000
Traceback (most recent call last):
  File "ATML/main.py", line 114, in <module>
    torch.save(model.state_dict(), model_dir + 'model' + experiment_name + '.pt')
  File "/home/ubelix/artorg/kc12n043/miniconda3/envs/atml/lib/python3.7/site-packages/torch/serialization.py", line 224, in save
    return _with_file_like(f, "wb", lambda f: _save(obj, f, pickle_module, pickle_protocol))
  File "/home/ubelix/artorg/kc12n043/miniconda3/envs/atml/lib/python3.7/site-packages/torch/serialization.py", line 147, in _with_file_like
    f = open(f, mode)
FileNotFoundError: [Errno 2] No such file or directory: '../models/model68.pt'
