Python 3.7.3
Welcome! The program is running on cuda. It may take a while...
I am using configuration file number 50
Epoch 1/30: train_loss: 0.6025, train_accuracy: 66.6056, val_loss: 0.5996, val_accuracy: 67.7000
Epoch 2/30: train_loss: 0.4994, train_accuracy: 73.0833, val_loss: 0.9023, val_accuracy: 50.5000
Epoch 3/30: train_loss: 0.4645, train_accuracy: 74.8056, val_loss: 0.5545, val_accuracy: 72.6000
Epoch 4/30: train_loss: 0.4547, train_accuracy: 75.5111, val_loss: 0.5515, val_accuracy: 71.3000
Epoch 5/30: train_loss: 0.4456, train_accuracy: 76.2556, val_loss: 0.5766, val_accuracy: 69.2000
Epoch 6/30: train_loss: 0.4332, train_accuracy: 77.0889, val_loss: 0.6272, val_accuracy: 63.0000
Epoch 7/30: train_loss: 0.4209, train_accuracy: 78.0000, val_loss: 0.5535, val_accuracy: 70.8000
Epoch 8/30: train_loss: 0.4273, train_accuracy: 77.9056, val_loss: 0.5770, val_accuracy: 69.8000
Epoch 9/30: train_loss: 0.4225, train_accuracy: 78.0000, val_loss: 0.5961, val_accuracy: 67.7000
Epoch 10/30: train_loss: 0.4213, train_accuracy: 78.3222, val_loss: 0.5184, val_accuracy: 74.1000
Epoch 11/30: train_loss: 0.4077, train_accuracy: 79.5278, val_loss: 0.6805, val_accuracy: 59.8000
Epoch 12/30: train_loss: 0.3876, train_accuracy: 80.0833, val_loss: 0.6886, val_accuracy: 58.2000
Epoch 13/30: train_loss: 0.3904, train_accuracy: 80.2222, val_loss: 0.6867, val_accuracy: 57.5000
Epoch 14/30: train_loss: 0.3840, train_accuracy: 80.4611, val_loss: 0.6515, val_accuracy: 62.5000
Epoch 15/30: train_loss: 0.3723, train_accuracy: 81.4556, val_loss: 0.5797, val_accuracy: 66.6000
Epoch 16/30: train_loss: 0.3673, train_accuracy: 81.6333, val_loss: 0.5096, val_accuracy: 73.9000
Epoch 17/30: train_loss: 0.3628, train_accuracy: 81.9833, val_loss: 0.6171, val_accuracy: 60.8000
Epoch 18/30: train_loss: 0.3537, train_accuracy: 82.3889, val_loss: 0.5411, val_accuracy: 70.6000
Epoch 19/30: train_loss: 0.3505, train_accuracy: 82.6833, val_loss: 0.4748, val_accuracy: 75.5000
Epoch 20/30: train_loss: 0.3374, train_accuracy: 83.6278, val_loss: 0.7010, val_accuracy: 57.3000
Epoch 21/30: train_loss: 0.3380, train_accuracy: 83.6278, val_loss: 0.5506, val_accuracy: 67.3000
Epoch 22/30: train_loss: 0.3292, train_accuracy: 84.1222, val_loss: 0.4695, val_accuracy: 74.0000
Epoch 23/30: train_loss: 0.3283, train_accuracy: 84.4500, val_loss: 0.4404, val_accuracy: 76.0000
Epoch 24/30: train_loss: 0.3246, train_accuracy: 84.3889, val_loss: 0.6894, val_accuracy: 60.9000
Epoch 25/30: train_loss: 0.3136, train_accuracy: 84.9722, val_loss: 0.4675, val_accuracy: 74.8000
Epoch 26/30: train_loss: 0.3160, train_accuracy: 84.7944, val_loss: 0.4602, val_accuracy: 75.5000
Epoch 27/30: train_loss: 0.3101, train_accuracy: 85.2056, val_loss: 0.4675, val_accuracy: 72.5000
Epoch 28/30: train_loss: 0.3053, train_accuracy: 85.5389, val_loss: 0.5796, val_accuracy: 66.4000
Epoch 29/30: train_loss: 0.3032, train_accuracy: 85.8389, val_loss: 0.4213, val_accuracy: 79.4000
Epoch 30/30: train_loss: 0.2984, train_accuracy: 86.0000, val_loss: 0.5798, val_accuracy: 67.0000
Traceback (most recent call last):
  File "ATML/main.py", line 114, in <module>
    torch.save(model.state_dict(), model_dir + 'model' + experiment_name + '.pt')
  File "/home/ubelix/artorg/kc12n043/miniconda3/envs/atml/lib/python3.7/site-packages/torch/serialization.py", line 224, in save
    return _with_file_like(f, "wb", lambda f: _save(obj, f, pickle_module, pickle_protocol))
  File "/home/ubelix/artorg/kc12n043/miniconda3/envs/atml/lib/python3.7/site-packages/torch/serialization.py", line 147, in _with_file_like
    f = open(f, mode)
FileNotFoundError: [Errno 2] No such file or directory: '../models/model50.pt'
