Python 3.7.3
Welcome! The program is running on cuda. It may take a while...
I am using configuration file number 14
Epoch 1/30: train_loss: 0.6932, train_accuracy: 49.6778, val_loss: 0.6931, val_accuracy: 50.0000
Epoch 2/30: train_loss: 0.6931, train_accuracy: 50.6667, val_loss: 0.6931, val_accuracy: 50.0000
Epoch 3/30: train_loss: 0.6931, train_accuracy: 50.2222, val_loss: 0.6931, val_accuracy: 50.0000
Epoch 4/30: train_loss: 0.6931, train_accuracy: 50.6389, val_loss: 0.6930, val_accuracy: 50.0000
Epoch 5/30: train_loss: 0.6930, train_accuracy: 52.0556, val_loss: 0.6930, val_accuracy: 50.0000
Epoch 6/30: train_loss: 0.6930, train_accuracy: 53.2611, val_loss: 0.6930, val_accuracy: 56.0000
Epoch 7/30: train_loss: 0.6929, train_accuracy: 54.5833, val_loss: 0.6930, val_accuracy: 52.8000
Epoch 8/30: train_loss: 0.6929, train_accuracy: 54.0222, val_loss: 0.6929, val_accuracy: 63.3000
Epoch 9/30: train_loss: 0.6929, train_accuracy: 55.1611, val_loss: 0.6929, val_accuracy: 62.3000
Epoch 10/30: train_loss: 0.6928, train_accuracy: 56.4111, val_loss: 0.6929, val_accuracy: 59.3000
Epoch 11/30: train_loss: 0.6928, train_accuracy: 55.8778, val_loss: 0.6928, val_accuracy: 62.9000
Epoch 12/30: train_loss: 0.6927, train_accuracy: 57.0667, val_loss: 0.6928, val_accuracy: 57.2000
Epoch 13/30: train_loss: 0.6926, train_accuracy: 53.1111, val_loss: 0.6927, val_accuracy: 54.7000
Epoch 14/30: train_loss: 0.6925, train_accuracy: 57.2722, val_loss: 0.6927, val_accuracy: 62.8000
Epoch 15/30: train_loss: 0.6925, train_accuracy: 58.5722, val_loss: 0.6926, val_accuracy: 61.7000
Epoch 16/30: train_loss: 0.6923, train_accuracy: 55.4444, val_loss: 0.6925, val_accuracy: 61.3000
Epoch 17/30: train_loss: 0.6922, train_accuracy: 57.6722, val_loss: 0.6924, val_accuracy: 60.9000
Epoch 18/30: train_loss: 0.6920, train_accuracy: 60.1056, val_loss: 0.6923, val_accuracy: 60.7000
Epoch 19/30: train_loss: 0.6918, train_accuracy: 58.3111, val_loss: 0.6922, val_accuracy: 59.0000
Epoch 20/30: train_loss: 0.6916, train_accuracy: 61.8111, val_loss: 0.6921, val_accuracy: 60.9000
Epoch 21/30: train_loss: 0.6912, train_accuracy: 63.8278, val_loss: 0.6919, val_accuracy: 55.4000
Epoch 22/30: train_loss: 0.6907, train_accuracy: 59.7389, val_loss: 0.6917, val_accuracy: 59.4000
Epoch 23/30: train_loss: 0.6901, train_accuracy: 59.0778, val_loss: 0.6915, val_accuracy: 59.0000
Epoch 24/30: train_loss: 0.6892, train_accuracy: 61.0611, val_loss: 0.6911, val_accuracy: 59.0000
Epoch 25/30: train_loss: 0.6877, train_accuracy: 61.8444, val_loss: 0.6907, val_accuracy: 60.0000
Epoch 26/30: train_loss: 0.6851, train_accuracy: 61.4778, val_loss: 0.6904, val_accuracy: 56.2000
Epoch 27/30: train_loss: 0.6798, train_accuracy: 61.9833, val_loss: 0.6902, val_accuracy: 51.3000
Epoch 28/30: train_loss: 0.6671, train_accuracy: 61.8389, val_loss: 0.6936, val_accuracy: 49.3000
Epoch 29/30: train_loss: 0.6367, train_accuracy: 63.1722, val_loss: 0.6978, val_accuracy: 48.6000
Epoch 30/30: train_loss: 0.5960, train_accuracy: 66.6389, val_loss: 0.7006, val_accuracy: 50.5000
Traceback (most recent call last):
  File "ATML/main.py", line 114, in <module>
    torch.save(model.state_dict(), model_dir + 'model' + experiment_name + '.pt')
  File "/home/ubelix/artorg/kc12n043/miniconda3/envs/atml/lib/python3.7/site-packages/torch/serialization.py", line 224, in save
    return _with_file_like(f, "wb", lambda f: _save(obj, f, pickle_module, pickle_protocol))
  File "/home/ubelix/artorg/kc12n043/miniconda3/envs/atml/lib/python3.7/site-packages/torch/serialization.py", line 147, in _with_file_like
    f = open(f, mode)
FileNotFoundError: [Errno 2] No such file or directory: '../models/model14.pt'
