Python 3.7.3
Welcome! The program is running on cuda. It may take a while...
I am using configuration file number 10
Epoch 1/25: train_loss: 0.6932, train_accuracy: 49.7667, val_loss: 0.6931, val_accuracy: 50.0000
Epoch 2/25: train_loss: 0.6931, train_accuracy: 49.8833, val_loss: 0.6931, val_accuracy: 50.0000
Epoch 3/25: train_loss: 0.6931, train_accuracy: 50.0833, val_loss: 0.6931, val_accuracy: 50.0000
Epoch 4/25: train_loss: 0.6931, train_accuracy: 50.5833, val_loss: 0.6931, val_accuracy: 50.0000
Epoch 5/25: train_loss: 0.6931, train_accuracy: 50.3389, val_loss: 0.6931, val_accuracy: 50.0000
Epoch 6/25: train_loss: 0.6931, train_accuracy: 51.1167, val_loss: 0.6931, val_accuracy: 50.0000
Epoch 7/25: train_loss: 0.6931, train_accuracy: 51.8833, val_loss: 0.6931, val_accuracy: 50.0000
Epoch 8/25: train_loss: 0.6931, train_accuracy: 51.3500, val_loss: 0.6931, val_accuracy: 50.0000
Epoch 9/25: train_loss: 0.6931, train_accuracy: 51.7444, val_loss: 0.6931, val_accuracy: 50.0000
Epoch 10/25: train_loss: 0.6930, train_accuracy: 51.8389, val_loss: 0.6930, val_accuracy: 50.2000
Epoch 11/25: train_loss: 0.6930, train_accuracy: 52.6111, val_loss: 0.6930, val_accuracy: 54.6000
Epoch 12/25: train_loss: 0.6930, train_accuracy: 51.5389, val_loss: 0.6930, val_accuracy: 58.5000
Epoch 13/25: train_loss: 0.6930, train_accuracy: 53.1111, val_loss: 0.6930, val_accuracy: 55.3000
Epoch 14/25: train_loss: 0.6930, train_accuracy: 53.4778, val_loss: 0.6930, val_accuracy: 61.8000
Epoch 15/25: train_loss: 0.6930, train_accuracy: 53.2556, val_loss: 0.6930, val_accuracy: 60.0000
Epoch 16/25: train_loss: 0.6930, train_accuracy: 53.8611, val_loss: 0.6930, val_accuracy: 53.9000
Epoch 17/25: train_loss: 0.6930, train_accuracy: 53.6389, val_loss: 0.6930, val_accuracy: 55.9000
Epoch 18/25: train_loss: 0.6929, train_accuracy: 52.4611, val_loss: 0.6930, val_accuracy: 58.8000
Epoch 19/25: train_loss: 0.6929, train_accuracy: 54.8833, val_loss: 0.6930, val_accuracy: 61.8000
Epoch 20/25: train_loss: 0.6929, train_accuracy: 54.8944, val_loss: 0.6929, val_accuracy: 61.9000
Epoch 21/25: train_loss: 0.6929, train_accuracy: 54.8889, val_loss: 0.6929, val_accuracy: 61.4000
Epoch 22/25: train_loss: 0.6929, train_accuracy: 55.4778, val_loss: 0.6929, val_accuracy: 61.4000
Epoch 23/25: train_loss: 0.6929, train_accuracy: 55.9389, val_loss: 0.6929, val_accuracy: 59.3000
Epoch 24/25: train_loss: 0.6928, train_accuracy: 56.9389, val_loss: 0.6929, val_accuracy: 58.4000
Epoch 25/25: train_loss: 0.6928, train_accuracy: 55.5833, val_loss: 0.6929, val_accuracy: 60.9000
Traceback (most recent call last):
  File "ATML/main.py", line 114, in <module>
    torch.save(model.state_dict(), model_dir + 'model' + experiment_name + '.pt')
  File "/home/ubelix/artorg/kc12n043/miniconda3/envs/atml/lib/python3.7/site-packages/torch/serialization.py", line 224, in save
    return _with_file_like(f, "wb", lambda f: _save(obj, f, pickle_module, pickle_protocol))
  File "/home/ubelix/artorg/kc12n043/miniconda3/envs/atml/lib/python3.7/site-packages/torch/serialization.py", line 147, in _with_file_like
    f = open(f, mode)
FileNotFoundError: [Errno 2] No such file or directory: '../models/model10.pt'
