Python 3.7.3
Welcome! The program is running on cuda. It may take a while...
I am using configuration file number 45
Epoch 1/25: train_loss: 0.5702, train_accuracy: 70.3278, val_loss: 0.6099, val_accuracy: 63.2000
Epoch 2/25: train_loss: 0.4419, train_accuracy: 77.0056, val_loss: 0.5188, val_accuracy: 72.7000
Epoch 3/25: train_loss: 0.4054, train_accuracy: 79.1833, val_loss: 0.7337, val_accuracy: 58.1000
Epoch 4/25: train_loss: 0.3742, train_accuracy: 81.0556, val_loss: 0.5121, val_accuracy: 68.7000
Epoch 5/25: train_loss: 0.3589, train_accuracy: 82.4556, val_loss: 0.4496, val_accuracy: 78.5000
Epoch 6/25: train_loss: 0.3409, train_accuracy: 83.1278, val_loss: 0.4936, val_accuracy: 72.2000
Epoch 7/25: train_loss: 0.3222, train_accuracy: 84.6000, val_loss: 0.5681, val_accuracy: 68.5000
Epoch 8/25: train_loss: 0.3171, train_accuracy: 84.6889, val_loss: 0.6942, val_accuracy: 65.2000
Epoch 9/25: train_loss: 0.3077, train_accuracy: 85.2278, val_loss: 0.5134, val_accuracy: 73.5000
Epoch 10/25: train_loss: 0.3005, train_accuracy: 85.9500, val_loss: 0.6261, val_accuracy: 64.9000
Epoch 11/25: train_loss: 0.2966, train_accuracy: 86.1667, val_loss: 0.5039, val_accuracy: 72.3000
Epoch 12/25: train_loss: 0.2832, train_accuracy: 86.7500, val_loss: 0.6090, val_accuracy: 65.0000
Epoch 13/25: train_loss: 0.2762, train_accuracy: 87.0667, val_loss: 0.4837, val_accuracy: 74.2000
Epoch 14/25: train_loss: 0.2779, train_accuracy: 86.9389, val_loss: 0.4641, val_accuracy: 78.2000
Epoch 15/25: train_loss: 0.2726, train_accuracy: 87.4222, val_loss: 0.4959, val_accuracy: 75.2000
Epoch 16/25: train_loss: 0.2607, train_accuracy: 88.1944, val_loss: 0.6202, val_accuracy: 68.8000
Epoch 17/25: train_loss: 0.2577, train_accuracy: 88.2111, val_loss: 0.6987, val_accuracy: 63.8000
Epoch 18/25: train_loss: 0.2518, train_accuracy: 88.8778, val_loss: 0.5011, val_accuracy: 76.6000
Epoch 19/25: train_loss: 0.2434, train_accuracy: 89.4222, val_loss: 0.5306, val_accuracy: 74.3000
Epoch 20/25: train_loss: 0.2364, train_accuracy: 89.4556, val_loss: 0.7594, val_accuracy: 65.7000
Epoch 21/25: train_loss: 0.2254, train_accuracy: 90.1056, val_loss: 0.5000, val_accuracy: 74.6000
Epoch 22/25: train_loss: 0.2137, train_accuracy: 90.8056, val_loss: 0.5564, val_accuracy: 73.5000
Epoch 23/25: train_loss: 0.2081, train_accuracy: 90.9222, val_loss: 0.5997, val_accuracy: 74.9000
Epoch 24/25: train_loss: 0.2022, train_accuracy: 91.1056, val_loss: 0.5910, val_accuracy: 73.9000
Epoch 25/25: train_loss: 0.1854, train_accuracy: 92.2889, val_loss: 0.8928, val_accuracy: 64.9000
Traceback (most recent call last):
  File "ATML/main.py", line 114, in <module>
    torch.save(model.state_dict(), model_dir + 'model' + experiment_name + '.pt')
  File "/home/ubelix/artorg/kc12n043/miniconda3/envs/atml/lib/python3.7/site-packages/torch/serialization.py", line 224, in save
    return _with_file_like(f, "wb", lambda f: _save(obj, f, pickle_module, pickle_protocol))
  File "/home/ubelix/artorg/kc12n043/miniconda3/envs/atml/lib/python3.7/site-packages/torch/serialization.py", line 147, in _with_file_like
    f = open(f, mode)
FileNotFoundError: [Errno 2] No such file or directory: '../models/model45.pt'
