Python 3.7.3
Welcome! The program is running on cuda. It may take a while...
I am using configuration file number 44
Epoch 1/25: train_loss: 0.5980, train_accuracy: 66.2778, val_loss: 0.7115, val_accuracy: 56.9000
Epoch 2/25: train_loss: 0.5192, train_accuracy: 72.6833, val_loss: 0.6200, val_accuracy: 67.5000
Epoch 3/25: train_loss: 0.4783, train_accuracy: 74.8333, val_loss: 0.7521, val_accuracy: 59.1000
Epoch 4/25: train_loss: 0.4538, train_accuracy: 76.3000, val_loss: 0.6192, val_accuracy: 68.3000
Epoch 5/25: train_loss: 0.4455, train_accuracy: 77.1222, val_loss: 0.8352, val_accuracy: 52.1000
Epoch 6/25: train_loss: 0.4303, train_accuracy: 77.7389, val_loss: 0.5398, val_accuracy: 72.4000
Epoch 7/25: train_loss: 0.4168, train_accuracy: 78.5944, val_loss: 0.5653, val_accuracy: 70.3000
Epoch 8/25: train_loss: 0.4003, train_accuracy: 79.7611, val_loss: 0.6326, val_accuracy: 63.1000
Epoch 9/25: train_loss: 0.3991, train_accuracy: 79.6556, val_loss: 0.5945, val_accuracy: 67.4000
Epoch 10/25: train_loss: 0.3991, train_accuracy: 79.9722, val_loss: 0.7154, val_accuracy: 61.1000
Epoch 11/25: train_loss: 0.3898, train_accuracy: 80.5444, val_loss: 0.6003, val_accuracy: 64.7000
Epoch 12/25: train_loss: 0.3858, train_accuracy: 80.9056, val_loss: 0.5271, val_accuracy: 72.2000
Epoch 13/25: train_loss: 0.3676, train_accuracy: 82.2333, val_loss: 0.4993, val_accuracy: 74.8000
Epoch 14/25: train_loss: 0.3598, train_accuracy: 82.3167, val_loss: 0.5146, val_accuracy: 74.5000
Epoch 15/25: train_loss: 0.3551, train_accuracy: 82.7389, val_loss: 0.5833, val_accuracy: 67.6000
Epoch 16/25: train_loss: 0.3515, train_accuracy: 82.7667, val_loss: 0.5431, val_accuracy: 69.7000
Epoch 17/25: train_loss: 0.3508, train_accuracy: 83.0444, val_loss: 0.5948, val_accuracy: 66.5000
Epoch 18/25: train_loss: 0.3410, train_accuracy: 83.6611, val_loss: 0.5085, val_accuracy: 74.4000
Epoch 19/25: train_loss: 0.3391, train_accuracy: 83.7778, val_loss: 0.7599, val_accuracy: 58.9000
Epoch 20/25: train_loss: 0.3295, train_accuracy: 84.1444, val_loss: 0.6708, val_accuracy: 61.9000
Epoch 21/25: train_loss: 0.3246, train_accuracy: 84.5000, val_loss: 0.5856, val_accuracy: 65.9000
Epoch 22/25: train_loss: 0.3191, train_accuracy: 84.5167, val_loss: 0.4634, val_accuracy: 75.3000
Epoch 23/25: train_loss: 0.3166, train_accuracy: 84.4556, val_loss: 0.5939, val_accuracy: 66.8000
Epoch 24/25: train_loss: 0.3194, train_accuracy: 84.6222, val_loss: 0.5336, val_accuracy: 68.0000
Epoch 25/25: train_loss: 0.3124, train_accuracy: 84.8500, val_loss: 0.6170, val_accuracy: 65.3000
Traceback (most recent call last):
  File "ATML/main.py", line 114, in <module>
    torch.save(model.state_dict(), model_dir + 'model' + experiment_name + '.pt')
  File "/home/ubelix/artorg/kc12n043/miniconda3/envs/atml/lib/python3.7/site-packages/torch/serialization.py", line 224, in save
    return _with_file_like(f, "wb", lambda f: _save(obj, f, pickle_module, pickle_protocol))
  File "/home/ubelix/artorg/kc12n043/miniconda3/envs/atml/lib/python3.7/site-packages/torch/serialization.py", line 147, in _with_file_like
    f = open(f, mode)
FileNotFoundError: [Errno 2] No such file or directory: '../models/model44.pt'
