Python 3.7.3
Welcome! The program is running on cuda. It may take a while...
I am using configuration file number 4
Epoch 1/20: train_loss: 0.6931, train_accuracy: 49.9556, val_loss: 0.6931, val_accuracy: 50.0000
Epoch 2/20: train_loss: 0.6931, train_accuracy: 50.3556, val_loss: 0.6931, val_accuracy: 50.0000
Epoch 3/20: train_loss: 0.6931, train_accuracy: 50.6389, val_loss: 0.6931, val_accuracy: 50.0000
Epoch 4/20: train_loss: 0.6931, train_accuracy: 51.5167, val_loss: 0.6931, val_accuracy: 50.0000
Epoch 5/20: train_loss: 0.6931, train_accuracy: 51.7944, val_loss: 0.6931, val_accuracy: 48.7000
Epoch 6/20: train_loss: 0.6930, train_accuracy: 53.1111, val_loss: 0.6930, val_accuracy: 49.1000
Epoch 7/20: train_loss: 0.6930, train_accuracy: 52.4111, val_loss: 0.6930, val_accuracy: 50.2000
Epoch 8/20: train_loss: 0.6930, train_accuracy: 52.9722, val_loss: 0.6930, val_accuracy: 54.8000
Epoch 9/20: train_loss: 0.6929, train_accuracy: 53.2444, val_loss: 0.6930, val_accuracy: 55.0000
Epoch 10/20: train_loss: 0.6930, train_accuracy: 53.2389, val_loss: 0.6930, val_accuracy: 52.2000
Epoch 11/20: train_loss: 0.6929, train_accuracy: 53.6611, val_loss: 0.6930, val_accuracy: 52.8000
Epoch 12/20: train_loss: 0.6929, train_accuracy: 54.2889, val_loss: 0.6930, val_accuracy: 55.0000
Epoch 13/20: train_loss: 0.6929, train_accuracy: 54.6944, val_loss: 0.6929, val_accuracy: 60.9000
Epoch 14/20: train_loss: 0.6929, train_accuracy: 56.3111, val_loss: 0.6929, val_accuracy: 60.8000
Epoch 15/20: train_loss: 0.6928, train_accuracy: 54.7444, val_loss: 0.6929, val_accuracy: 57.1000
Epoch 16/20: train_loss: 0.6928, train_accuracy: 56.2111, val_loss: 0.6929, val_accuracy: 61.4000
Epoch 17/20: train_loss: 0.6928, train_accuracy: 56.9333, val_loss: 0.6929, val_accuracy: 61.8000
Epoch 18/20: train_loss: 0.6927, train_accuracy: 56.5000, val_loss: 0.6928, val_accuracy: 61.3000
Epoch 19/20: train_loss: 0.6927, train_accuracy: 56.6778, val_loss: 0.6928, val_accuracy: 61.7000
Epoch 20/20: train_loss: 0.6927, train_accuracy: 57.1444, val_loss: 0.6928, val_accuracy: 62.3000
Traceback (most recent call last):
  File "ATML/main.py", line 114, in <module>
    torch.save(model.state_dict(), model_dir + 'model' + experiment_name + '.pt')
  File "/home/ubelix/artorg/kc12n043/miniconda3/envs/atml/lib/python3.7/site-packages/torch/serialization.py", line 224, in save
    return _with_file_like(f, "wb", lambda f: _save(obj, f, pickle_module, pickle_protocol))
  File "/home/ubelix/artorg/kc12n043/miniconda3/envs/atml/lib/python3.7/site-packages/torch/serialization.py", line 147, in _with_file_like
    f = open(f, mode)
FileNotFoundError: [Errno 2] No such file or directory: '../models/model4.pt'
