Python 3.7.3
Welcome! The program is running on cuda. It may take a while...
I am using configuration file number 49
Epoch 1/30: train_loss: 0.5427, train_accuracy: 73.1778, val_loss: 0.6455, val_accuracy: 64.3000
Epoch 2/30: train_loss: 0.4381, train_accuracy: 77.9556, val_loss: 0.5631, val_accuracy: 69.0000
Epoch 3/30: train_loss: 0.4037, train_accuracy: 80.4167, val_loss: 0.4734, val_accuracy: 75.2000
Epoch 4/30: train_loss: 0.3635, train_accuracy: 82.4667, val_loss: 0.5677, val_accuracy: 69.2000
Epoch 5/30: train_loss: 0.3490, train_accuracy: 83.0167, val_loss: 0.4755, val_accuracy: 73.7000
Epoch 6/30: train_loss: 0.3431, train_accuracy: 83.5889, val_loss: 0.6109, val_accuracy: 64.6000
Epoch 7/30: train_loss: 0.3358, train_accuracy: 84.1500, val_loss: 0.4581, val_accuracy: 76.1000
Epoch 8/30: train_loss: 0.3173, train_accuracy: 85.2944, val_loss: 0.6295, val_accuracy: 70.1000
Epoch 9/30: train_loss: 0.3174, train_accuracy: 84.8167, val_loss: 0.5751, val_accuracy: 69.0000
Epoch 10/30: train_loss: 0.3000, train_accuracy: 86.0611, val_loss: 0.5769, val_accuracy: 67.5000
Epoch 11/30: train_loss: 0.3020, train_accuracy: 86.2944, val_loss: 0.7064, val_accuracy: 60.5000
Epoch 12/30: train_loss: 0.2965, train_accuracy: 86.5111, val_loss: 0.5548, val_accuracy: 69.7000
Epoch 13/30: train_loss: 0.2779, train_accuracy: 87.2167, val_loss: 0.5232, val_accuracy: 72.2000
Epoch 14/30: train_loss: 0.2832, train_accuracy: 87.1889, val_loss: 0.5953, val_accuracy: 70.2000
Epoch 15/30: train_loss: 0.2723, train_accuracy: 87.5278, val_loss: 0.6087, val_accuracy: 69.8000
Epoch 16/30: train_loss: 0.2751, train_accuracy: 87.5722, val_loss: 0.4557, val_accuracy: 78.5000
Epoch 17/30: train_loss: 0.2503, train_accuracy: 88.8278, val_loss: 0.9340, val_accuracy: 55.7000
Epoch 18/30: train_loss: 0.2584, train_accuracy: 88.6556, val_loss: 0.7382, val_accuracy: 66.3000
Epoch 19/30: train_loss: 0.2421, train_accuracy: 89.2889, val_loss: 0.4620, val_accuracy: 78.4000
Epoch 20/30: train_loss: 0.2365, train_accuracy: 89.7278, val_loss: 0.6461, val_accuracy: 66.3000
Epoch 21/30: train_loss: 0.2372, train_accuracy: 89.6389, val_loss: 0.6171, val_accuracy: 68.5000
Epoch 22/30: train_loss: 0.2243, train_accuracy: 90.0778, val_loss: 0.5133, val_accuracy: 76.7000
Epoch 23/30: train_loss: 0.2191, train_accuracy: 90.4444, val_loss: 0.5451, val_accuracy: 74.9000
Epoch 24/30: train_loss: 0.1994, train_accuracy: 91.3333, val_loss: 0.5163, val_accuracy: 75.1000
Epoch 25/30: train_loss: 0.1941, train_accuracy: 91.8444, val_loss: 0.8598, val_accuracy: 64.5000
Epoch 26/30: train_loss: 0.1852, train_accuracy: 92.0667, val_loss: 0.5526, val_accuracy: 75.7000
Epoch 27/30: train_loss: 0.1811, train_accuracy: 92.4556, val_loss: 0.7395, val_accuracy: 69.4000
Epoch 28/30: train_loss: 0.1657, train_accuracy: 93.1056, val_loss: 0.9677, val_accuracy: 62.1000
Epoch 29/30: train_loss: 0.1618, train_accuracy: 93.4000, val_loss: 1.2196, val_accuracy: 63.9000
Epoch 30/30: train_loss: 0.1450, train_accuracy: 94.0778, val_loss: 0.6515, val_accuracy: 74.1000
Traceback (most recent call last):
  File "ATML/main.py", line 114, in <module>
    torch.save(model.state_dict(), model_dir + 'model' + experiment_name + '.pt')
  File "/home/ubelix/artorg/kc12n043/miniconda3/envs/atml/lib/python3.7/site-packages/torch/serialization.py", line 224, in save
    return _with_file_like(f, "wb", lambda f: _save(obj, f, pickle_module, pickle_protocol))
  File "/home/ubelix/artorg/kc12n043/miniconda3/envs/atml/lib/python3.7/site-packages/torch/serialization.py", line 147, in _with_file_like
    f = open(f, mode)
FileNotFoundError: [Errno 2] No such file or directory: '../models/model49.pt'
