Python 3.7.3
Welcome! The program is running on cuda. It may take a while...
I am using configuration file number 5
Epoch 1/20: train_loss: 0.6931, train_accuracy: 50.1111, val_loss: 0.6931, val_accuracy: 50.0000
Epoch 2/20: train_loss: 0.6931, train_accuracy: 50.4889, val_loss: 0.6930, val_accuracy: 50.0000
Epoch 3/20: train_loss: 0.6930, train_accuracy: 51.7389, val_loss: 0.6930, val_accuracy: 50.0000
Epoch 4/20: train_loss: 0.6928, train_accuracy: 50.6556, val_loss: 0.6929, val_accuracy: 50.0000
Epoch 5/20: train_loss: 0.6926, train_accuracy: 54.5222, val_loss: 0.6927, val_accuracy: 59.5000
Epoch 6/20: train_loss: 0.6924, train_accuracy: 56.1056, val_loss: 0.6926, val_accuracy: 59.8000
Epoch 7/20: train_loss: 0.6920, train_accuracy: 55.6833, val_loss: 0.6924, val_accuracy: 55.4000
Epoch 8/20: train_loss: 0.6914, train_accuracy: 58.6222, val_loss: 0.6921, val_accuracy: 54.7000
Epoch 9/20: train_loss: 0.6900, train_accuracy: 60.9111, val_loss: 0.6915, val_accuracy: 55.0000
Epoch 10/20: train_loss: 0.6859, train_accuracy: 62.4333, val_loss: 0.6916, val_accuracy: 50.7000
Epoch 11/20: train_loss: 0.6637, train_accuracy: 61.5833, val_loss: 0.6989, val_accuracy: 49.1000
Epoch 12/20: train_loss: 0.6007, train_accuracy: 66.3167, val_loss: 0.7122, val_accuracy: 50.5000
Epoch 13/20: train_loss: 0.5591, train_accuracy: 69.3889, val_loss: 0.7315, val_accuracy: 50.3000
Epoch 14/20: train_loss: 0.5497, train_accuracy: 69.6389, val_loss: 0.7267, val_accuracy: 49.7000
Epoch 15/20: train_loss: 0.5445, train_accuracy: 70.0111, val_loss: 0.7085, val_accuracy: 49.5000
Epoch 16/20: train_loss: 0.5359, train_accuracy: 70.0389, val_loss: 0.7225, val_accuracy: 50.0000
Epoch 17/20: train_loss: 0.5243, train_accuracy: 71.5056, val_loss: 0.7277, val_accuracy: 49.1000
Epoch 18/20: train_loss: 0.5062, train_accuracy: 73.1778, val_loss: 0.8214, val_accuracy: 49.7000
Epoch 19/20: train_loss: 0.4803, train_accuracy: 75.5111, val_loss: 0.5953, val_accuracy: 65.6000
Epoch 20/20: train_loss: 0.4374, train_accuracy: 77.9000, val_loss: 0.6406, val_accuracy: 64.5000
Traceback (most recent call last):
  File "ATML/main.py", line 114, in <module>
    torch.save(model.state_dict(), model_dir + 'model' + experiment_name + '.pt')
  File "/home/ubelix/artorg/kc12n043/miniconda3/envs/atml/lib/python3.7/site-packages/torch/serialization.py", line 224, in save
    return _with_file_like(f, "wb", lambda f: _save(obj, f, pickle_module, pickle_protocol))
  File "/home/ubelix/artorg/kc12n043/miniconda3/envs/atml/lib/python3.7/site-packages/torch/serialization.py", line 147, in _with_file_like
    f = open(f, mode)
FileNotFoundError: [Errno 2] No such file or directory: '../models/model5.pt'
