Python 3.7.3
Welcome! The program is running on cuda. It may take a while...
I am using configuration file number 63
Epoch 1/25: train_loss: 0.5438, train_accuracy: 70.4389, val_loss: 0.7509, val_accuracy: 50.0000
Epoch 2/25: train_loss: 0.5715, train_accuracy: 68.8222, val_loss: 0.7099, val_accuracy: 50.0000
Epoch 3/25: train_loss: 0.5709, train_accuracy: 68.4444, val_loss: 0.7530, val_accuracy: 50.0000
Epoch 4/25: train_loss: 0.5711, train_accuracy: 69.5500, val_loss: 0.7374, val_accuracy: 50.0000
Epoch 5/25: train_loss: 0.6252, train_accuracy: 61.3278, val_loss: 0.6964, val_accuracy: 50.0000
Epoch 6/25: train_loss: 0.6935, train_accuracy: 50.1667, val_loss: 0.6932, val_accuracy: 50.0000
Epoch 7/25: train_loss: 0.6932, train_accuracy: 49.6111, val_loss: 0.6931, val_accuracy: 50.0000
Epoch 8/25: train_loss: 0.6932, train_accuracy: 48.6111, val_loss: 0.6931, val_accuracy: 50.0000
Epoch 9/25: train_loss: 0.6932, train_accuracy: 49.8556, val_loss: 0.6932, val_accuracy: 50.0000
Epoch 10/25: train_loss: 0.6932, train_accuracy: 49.5333, val_loss: 0.6931, val_accuracy: 50.0000
Epoch 11/25: train_loss: 0.6932, train_accuracy: 49.8000, val_loss: 0.6931, val_accuracy: 50.0000
Epoch 12/25: train_loss: 0.6932, train_accuracy: 49.6667, val_loss: 0.6931, val_accuracy: 50.0000
Epoch 13/25: train_loss: 0.6932, train_accuracy: 49.9778, val_loss: 0.6933, val_accuracy: 50.0000
Epoch 14/25: train_loss: 0.6932, train_accuracy: 50.1111, val_loss: 0.6931, val_accuracy: 50.0000
Epoch 15/25: train_loss: 0.6932, train_accuracy: 49.1778, val_loss: 0.6931, val_accuracy: 50.0000
Epoch 16/25: train_loss: 0.6932, train_accuracy: 49.9667, val_loss: 0.6932, val_accuracy: 50.0000
Epoch 17/25: train_loss: 0.6932, train_accuracy: 49.3778, val_loss: 0.6932, val_accuracy: 50.0000
Epoch 18/25: train_loss: 0.6932, train_accuracy: 49.8222, val_loss: 0.6932, val_accuracy: 50.0000
Epoch 19/25: train_loss: 0.6932, train_accuracy: 50.1333, val_loss: 0.6932, val_accuracy: 50.0000
Epoch 20/25: train_loss: 0.6932, train_accuracy: 49.9667, val_loss: 0.6932, val_accuracy: 50.0000
Epoch 21/25: train_loss: 0.6932, train_accuracy: 50.2000, val_loss: 0.6931, val_accuracy: 50.0000
Epoch 22/25: train_loss: 0.6934, train_accuracy: 49.4000, val_loss: 0.6931, val_accuracy: 50.0000
Epoch 23/25: train_loss: 0.6934, train_accuracy: 49.8556, val_loss: 0.6931, val_accuracy: 50.0000
Epoch 24/25: train_loss: 0.6934, train_accuracy: 49.6889, val_loss: 0.6932, val_accuracy: 50.0000
Epoch 25/25: train_loss: 0.6933, train_accuracy: 50.2333, val_loss: 0.6931, val_accuracy: 50.0000
Traceback (most recent call last):
  File "ATML/main.py", line 114, in <module>
    torch.save(model.state_dict(), model_dir + 'model' + experiment_name + '.pt')
  File "/home/ubelix/artorg/kc12n043/miniconda3/envs/atml/lib/python3.7/site-packages/torch/serialization.py", line 224, in save
    return _with_file_like(f, "wb", lambda f: _save(obj, f, pickle_module, pickle_protocol))
  File "/home/ubelix/artorg/kc12n043/miniconda3/envs/atml/lib/python3.7/site-packages/torch/serialization.py", line 147, in _with_file_like
    f = open(f, mode)
FileNotFoundError: [Errno 2] No such file or directory: '../models/model63.pt'
