Python 3.7.3
Welcome! The program is running on cuda. It may take a while...
I am using configuration file number 37
Epoch 1/20: train_loss: 0.5713, train_accuracy: 71.5556, val_loss: 0.5618, val_accuracy: 73.2000
Epoch 2/20: train_loss: 0.4387, train_accuracy: 78.0389, val_loss: 0.7389, val_accuracy: 56.5000
Epoch 3/20: train_loss: 0.3864, train_accuracy: 81.0444, val_loss: 0.4938, val_accuracy: 72.1000
Epoch 4/20: train_loss: 0.3644, train_accuracy: 82.3944, val_loss: 0.4630, val_accuracy: 76.5000
Epoch 5/20: train_loss: 0.3422, train_accuracy: 83.5389, val_loss: 0.4533, val_accuracy: 75.1000
Epoch 6/20: train_loss: 0.3386, train_accuracy: 83.9444, val_loss: 0.4962, val_accuracy: 73.3000
Epoch 7/20: train_loss: 0.3249, train_accuracy: 84.2611, val_loss: 0.5129, val_accuracy: 70.4000
Epoch 8/20: train_loss: 0.3105, train_accuracy: 85.2222, val_loss: 0.5009, val_accuracy: 72.4000
Epoch 9/20: train_loss: 0.3145, train_accuracy: 85.2611, val_loss: 0.4679, val_accuracy: 75.0000
Epoch 10/20: train_loss: 0.3166, train_accuracy: 85.3778, val_loss: 0.4825, val_accuracy: 76.1000
Epoch 11/20: train_loss: 0.2951, train_accuracy: 86.4556, val_loss: 0.7298, val_accuracy: 58.9000
Epoch 12/20: train_loss: 0.2989, train_accuracy: 86.4889, val_loss: 0.5665, val_accuracy: 73.6000
Epoch 13/20: train_loss: 0.2767, train_accuracy: 87.3722, val_loss: 0.5060, val_accuracy: 74.8000
Epoch 14/20: train_loss: 0.2786, train_accuracy: 87.0889, val_loss: 0.5478, val_accuracy: 69.7000
Epoch 15/20: train_loss: 0.2764, train_accuracy: 87.5333, val_loss: 0.4608, val_accuracy: 77.2000
Epoch 16/20: train_loss: 0.2574, train_accuracy: 88.5167, val_loss: 0.6546, val_accuracy: 64.7000
Epoch 17/20: train_loss: 0.2650, train_accuracy: 88.1778, val_loss: 0.4589, val_accuracy: 77.5000
Epoch 18/20: train_loss: 0.2618, train_accuracy: 88.7611, val_loss: 0.5072, val_accuracy: 74.6000
Epoch 19/20: train_loss: 0.2372, train_accuracy: 89.7111, val_loss: 0.5154, val_accuracy: 75.6000
Epoch 20/20: train_loss: 0.2287, train_accuracy: 90.1889, val_loss: 0.7172, val_accuracy: 73.0000
Traceback (most recent call last):
  File "ATML/main.py", line 114, in <module>
    torch.save(model.state_dict(), model_dir + 'model' + experiment_name + '.pt')
  File "/home/ubelix/artorg/kc12n043/miniconda3/envs/atml/lib/python3.7/site-packages/torch/serialization.py", line 224, in save
    return _with_file_like(f, "wb", lambda f: _save(obj, f, pickle_module, pickle_protocol))
  File "/home/ubelix/artorg/kc12n043/miniconda3/envs/atml/lib/python3.7/site-packages/torch/serialization.py", line 147, in _with_file_like
    f = open(f, mode)
FileNotFoundError: [Errno 2] No such file or directory: '../models/model37.pt'
