Python 3.7.3
Welcome! The program is running on cuda. It may take a while...
I am using configuration file number 38
Epoch 1/20: train_loss: 0.5917, train_accuracy: 67.3833, val_loss: 0.6045, val_accuracy: 67.3000
Epoch 2/20: train_loss: 0.5027, train_accuracy: 72.9000, val_loss: 0.6287, val_accuracy: 58.2000
Epoch 3/20: train_loss: 0.4693, train_accuracy: 74.8278, val_loss: 0.7224, val_accuracy: 54.3000
Epoch 4/20: train_loss: 0.4412, train_accuracy: 77.1778, val_loss: 0.8242, val_accuracy: 51.0000
Epoch 5/20: train_loss: 0.4287, train_accuracy: 77.8778, val_loss: 0.7480, val_accuracy: 57.8000
Epoch 6/20: train_loss: 0.4216, train_accuracy: 78.3000, val_loss: 0.8015, val_accuracy: 52.7000
Epoch 7/20: train_loss: 0.4189, train_accuracy: 78.7278, val_loss: 0.7421, val_accuracy: 54.2000
Epoch 8/20: train_loss: 0.4103, train_accuracy: 79.0667, val_loss: 0.7410, val_accuracy: 53.7000
Epoch 9/20: train_loss: 0.4032, train_accuracy: 79.4333, val_loss: 0.6236, val_accuracy: 64.1000
Epoch 10/20: train_loss: 0.3846, train_accuracy: 80.4722, val_loss: 0.6475, val_accuracy: 66.4000
Epoch 11/20: train_loss: 0.3786, train_accuracy: 81.2000, val_loss: 0.5444, val_accuracy: 71.3000
Epoch 12/20: train_loss: 0.3693, train_accuracy: 81.7889, val_loss: 0.6898, val_accuracy: 62.9000
Epoch 13/20: train_loss: 0.3566, train_accuracy: 82.7333, val_loss: 0.8926, val_accuracy: 54.0000
Epoch 14/20: train_loss: 0.3623, train_accuracy: 82.1167, val_loss: 0.4930, val_accuracy: 73.6000
Epoch 15/20: train_loss: 0.3570, train_accuracy: 82.4389, val_loss: 0.5145, val_accuracy: 73.3000
Epoch 16/20: train_loss: 0.3449, train_accuracy: 83.0389, val_loss: 0.7474, val_accuracy: 58.8000
Epoch 17/20: train_loss: 0.3362, train_accuracy: 83.8722, val_loss: 0.6185, val_accuracy: 65.8000
Epoch 18/20: train_loss: 0.3334, train_accuracy: 83.7833, val_loss: 0.5256, val_accuracy: 67.2000
Epoch 19/20: train_loss: 0.3287, train_accuracy: 84.0111, val_loss: 0.6689, val_accuracy: 62.2000
Epoch 20/20: train_loss: 0.3259, train_accuracy: 84.2556, val_loss: 0.6915, val_accuracy: 60.4000
Traceback (most recent call last):
  File "ATML/main.py", line 114, in <module>
    torch.save(model.state_dict(), model_dir + 'model' + experiment_name + '.pt')
  File "/home/ubelix/artorg/kc12n043/miniconda3/envs/atml/lib/python3.7/site-packages/torch/serialization.py", line 224, in save
    return _with_file_like(f, "wb", lambda f: _save(obj, f, pickle_module, pickle_protocol))
  File "/home/ubelix/artorg/kc12n043/miniconda3/envs/atml/lib/python3.7/site-packages/torch/serialization.py", line 147, in _with_file_like
    f = open(f, mode)
FileNotFoundError: [Errno 2] No such file or directory: '../models/model38.pt'
