Python 3.7.3
Welcome! The program is running on cuda. It may take a while...
I am using configuration file number 58
Epoch 1/20: train_loss: 0.4432, train_accuracy: 77.2611, val_loss: 0.6933, val_accuracy: 61.6000
Epoch 2/20: train_loss: 0.3634, train_accuracy: 81.7889, val_loss: 0.7850, val_accuracy: 54.8000
Epoch 3/20: train_loss: 0.3560, train_accuracy: 82.3778, val_loss: 0.5602, val_accuracy: 71.0000
Epoch 4/20: train_loss: 0.3496, train_accuracy: 82.8444, val_loss: 0.5812, val_accuracy: 68.7000
Epoch 5/20: train_loss: 0.3584, train_accuracy: 82.0500, val_loss: 0.6778, val_accuracy: 50.0000
Epoch 6/20: train_loss: 0.3516, train_accuracy: 82.3889, val_loss: 0.5599, val_accuracy: 64.4000
Epoch 7/20: train_loss: 0.3538, train_accuracy: 82.3944, val_loss: 0.5482, val_accuracy: 71.4000
Epoch 8/20: train_loss: 0.3555, train_accuracy: 82.4167, val_loss: 0.5150, val_accuracy: 75.6000
Epoch 9/20: train_loss: 0.3510, train_accuracy: 82.9722, val_loss: 0.5093, val_accuracy: 74.4000
Epoch 10/20: train_loss: 0.3487, train_accuracy: 82.9667, val_loss: 0.5375, val_accuracy: 70.6000
Epoch 11/20: train_loss: 0.3537, train_accuracy: 82.7611, val_loss: 0.5972, val_accuracy: 73.4000
Epoch 12/20: train_loss: 0.3589, train_accuracy: 82.3889, val_loss: 0.5252, val_accuracy: 75.5000
Epoch 13/20: train_loss: 0.3541, train_accuracy: 82.9556, val_loss: 0.6706, val_accuracy: 70.5000
Epoch 14/20: train_loss: 0.3548, train_accuracy: 82.8556, val_loss: 0.5502, val_accuracy: 74.4000
Epoch 15/20: train_loss: 0.3704, train_accuracy: 82.3611, val_loss: 1.2130, val_accuracy: 72.6000
Epoch 16/20: train_loss: 0.3507, train_accuracy: 83.3444, val_loss: 0.5110, val_accuracy: 73.2000
Epoch 17/20: train_loss: 0.3594, train_accuracy: 82.9889, val_loss: 0.5974, val_accuracy: 71.1000
Epoch 18/20: train_loss: 0.3519, train_accuracy: 83.3667, val_loss: 0.8502, val_accuracy: 67.9000
Epoch 19/20: train_loss: 0.3439, train_accuracy: 83.5278, val_loss: 0.6566, val_accuracy: 61.8000
Epoch 20/20: train_loss: 0.3552, train_accuracy: 83.1722, val_loss: 0.5610, val_accuracy: 66.9000
Traceback (most recent call last):
  File "ATML/main.py", line 114, in <module>
    torch.save(model.state_dict(), model_dir + 'model' + experiment_name + '.pt')
  File "/home/ubelix/artorg/kc12n043/miniconda3/envs/atml/lib/python3.7/site-packages/torch/serialization.py", line 224, in save
    return _with_file_like(f, "wb", lambda f: _save(obj, f, pickle_module, pickle_protocol))
  File "/home/ubelix/artorg/kc12n043/miniconda3/envs/atml/lib/python3.7/site-packages/torch/serialization.py", line 147, in _with_file_like
    f = open(f, mode)
FileNotFoundError: [Errno 2] No such file or directory: '../models/model58.pt'
