Python 3.7.3
Welcome! The program is running on cuda. It may take a while...
I am using configuration file number 40
Epoch 1/20: train_loss: 0.6069, train_accuracy: 66.3222, val_loss: 0.6216, val_accuracy: 67.6000
Epoch 2/20: train_loss: 0.4828, train_accuracy: 73.2167, val_loss: 0.6409, val_accuracy: 64.3000
Epoch 3/20: train_loss: 0.4556, train_accuracy: 75.0000, val_loss: 0.6460, val_accuracy: 57.3000
Epoch 4/20: train_loss: 0.4363, train_accuracy: 76.2444, val_loss: 0.6529, val_accuracy: 59.8000
Epoch 5/20: train_loss: 0.4231, train_accuracy: 77.5000, val_loss: 0.5659, val_accuracy: 68.1000
Epoch 6/20: train_loss: 0.4135, train_accuracy: 77.8944, val_loss: 0.8027, val_accuracy: 50.0000
Epoch 7/20: train_loss: 0.4051, train_accuracy: 78.5333, val_loss: 0.5661, val_accuracy: 69.6000
Epoch 8/20: train_loss: 0.3953, train_accuracy: 79.5611, val_loss: 0.6952, val_accuracy: 55.4000
Epoch 9/20: train_loss: 0.3868, train_accuracy: 79.9611, val_loss: 0.7746, val_accuracy: 54.8000
Epoch 10/20: train_loss: 0.3853, train_accuracy: 80.2111, val_loss: 0.4976, val_accuracy: 72.8000
Epoch 11/20: train_loss: 0.3754, train_accuracy: 81.1389, val_loss: 0.5737, val_accuracy: 69.8000
Epoch 12/20: train_loss: 0.3783, train_accuracy: 80.7833, val_loss: 0.7594, val_accuracy: 55.3000
Epoch 13/20: train_loss: 0.3705, train_accuracy: 81.2500, val_loss: 0.5370, val_accuracy: 69.9000
Epoch 14/20: train_loss: 0.3648, train_accuracy: 82.0167, val_loss: 0.5458, val_accuracy: 70.8000
Epoch 15/20: train_loss: 0.3622, train_accuracy: 81.9444, val_loss: 0.5569, val_accuracy: 70.3000
Epoch 16/20: train_loss: 0.3527, train_accuracy: 82.5556, val_loss: 0.7052, val_accuracy: 58.3000
Epoch 17/20: train_loss: 0.3525, train_accuracy: 82.2111, val_loss: 0.6292, val_accuracy: 64.4000
Epoch 18/20: train_loss: 0.3557, train_accuracy: 82.2056, val_loss: 0.5649, val_accuracy: 67.3000
Epoch 19/20: train_loss: 0.3505, train_accuracy: 82.4500, val_loss: 0.5552, val_accuracy: 69.1000
Epoch 20/20: train_loss: 0.3489, train_accuracy: 83.2611, val_loss: 0.6161, val_accuracy: 66.7000
Traceback (most recent call last):
  File "ATML/main.py", line 114, in <module>
    torch.save(model.state_dict(), model_dir + 'model' + experiment_name + '.pt')
  File "/home/ubelix/artorg/kc12n043/miniconda3/envs/atml/lib/python3.7/site-packages/torch/serialization.py", line 224, in save
    return _with_file_like(f, "wb", lambda f: _save(obj, f, pickle_module, pickle_protocol))
  File "/home/ubelix/artorg/kc12n043/miniconda3/envs/atml/lib/python3.7/site-packages/torch/serialization.py", line 147, in _with_file_like
    f = open(f, mode)
FileNotFoundError: [Errno 2] No such file or directory: '../models/model40.pt'
