Python 3.7.3
Welcome! The program is running on cuda. It may take a while...
I am using configuration file number 3
Epoch 1/20: train_loss: 0.6931, train_accuracy: 50.2667, val_loss: 0.6931, val_accuracy: 50.0000
Epoch 2/20: train_loss: 0.6929, train_accuracy: 50.9389, val_loss: 0.6929, val_accuracy: 59.4000
Epoch 3/20: train_loss: 0.6926, train_accuracy: 53.6278, val_loss: 0.6925, val_accuracy: 52.8000
Epoch 4/20: train_loss: 0.6915, train_accuracy: 54.3500, val_loss: 0.6924, val_accuracy: 49.7000
Epoch 5/20: train_loss: 0.6864, train_accuracy: 57.2778, val_loss: 0.6946, val_accuracy: 49.2000
Epoch 6/20: train_loss: 0.6420, train_accuracy: 62.4722, val_loss: 0.7013, val_accuracy: 50.0000
Epoch 7/20: train_loss: 0.5563, train_accuracy: 69.1611, val_loss: 0.7312, val_accuracy: 49.1000
Epoch 8/20: train_loss: 0.5407, train_accuracy: 69.9944, val_loss: 0.6391, val_accuracy: 65.2000
Epoch 9/20: train_loss: 0.4905, train_accuracy: 74.0444, val_loss: 0.6357, val_accuracy: 59.2000
Epoch 10/20: train_loss: 0.4407, train_accuracy: 76.9444, val_loss: 0.5329, val_accuracy: 70.8000
Epoch 11/20: train_loss: 0.4224, train_accuracy: 77.9611, val_loss: 0.5411, val_accuracy: 74.4000
Epoch 12/20: train_loss: 0.4110, train_accuracy: 78.3167, val_loss: 0.8251, val_accuracy: 54.0000
Epoch 13/20: train_loss: 0.3993, train_accuracy: 78.9667, val_loss: 0.6517, val_accuracy: 60.6000
Epoch 14/20: train_loss: 0.3942, train_accuracy: 79.6556, val_loss: 0.5104, val_accuracy: 71.1000
Epoch 15/20: train_loss: 0.3795, train_accuracy: 80.2056, val_loss: 0.9876, val_accuracy: 55.4000
Epoch 16/20: train_loss: 0.3693, train_accuracy: 80.9722, val_loss: 0.5304, val_accuracy: 68.2000
Epoch 17/20: train_loss: 0.3652, train_accuracy: 81.3611, val_loss: 0.4850, val_accuracy: 77.0000
Epoch 18/20: train_loss: 0.3599, train_accuracy: 81.9389, val_loss: 0.7266, val_accuracy: 59.9000
Epoch 19/20: train_loss: 0.3513, train_accuracy: 82.1389, val_loss: 0.4724, val_accuracy: 76.0000
Epoch 20/20: train_loss: 0.3421, train_accuracy: 82.9611, val_loss: 0.4626, val_accuracy: 77.0000
Traceback (most recent call last):
  File "ATML/main.py", line 114, in <module>
    torch.save(model.state_dict(), model_dir + 'model' + experiment_name + '.pt')
  File "/home/ubelix/artorg/kc12n043/miniconda3/envs/atml/lib/python3.7/site-packages/torch/serialization.py", line 224, in save
    return _with_file_like(f, "wb", lambda f: _save(obj, f, pickle_module, pickle_protocol))
  File "/home/ubelix/artorg/kc12n043/miniconda3/envs/atml/lib/python3.7/site-packages/torch/serialization.py", line 147, in _with_file_like
    f = open(f, mode)
FileNotFoundError: [Errno 2] No such file or directory: '../models/model3.pt'
