Python 3.7.3
Welcome! The program is running on cuda. It may take a while...
I am using configuration file number 72
Epoch 1/30: train_loss: 0.4499, train_accuracy: 76.2611, val_loss: 0.8013, val_accuracy: 55.5000
Epoch 2/30: train_loss: 0.3778, train_accuracy: 80.8222, val_loss: 0.6008, val_accuracy: 65.9000
Epoch 3/30: train_loss: 0.3473, train_accuracy: 82.9389, val_loss: 0.5301, val_accuracy: 70.2000
Epoch 4/30: train_loss: 0.3257, train_accuracy: 84.5611, val_loss: 0.9950, val_accuracy: 52.5000
Epoch 5/30: train_loss: 0.3266, train_accuracy: 84.2167, val_loss: 0.5632, val_accuracy: 64.8000
Epoch 6/30: train_loss: 0.3215, train_accuracy: 84.5833, val_loss: 0.4966, val_accuracy: 76.9000
Epoch 7/30: train_loss: 0.3171, train_accuracy: 84.7111, val_loss: 0.6518, val_accuracy: 64.5000
Epoch 8/30: train_loss: 0.3158, train_accuracy: 85.0389, val_loss: 0.8453, val_accuracy: 50.5000
Epoch 9/30: train_loss: 0.3099, train_accuracy: 85.0278, val_loss: 0.5139, val_accuracy: 71.3000
Epoch 10/30: train_loss: 0.3110, train_accuracy: 84.8778, val_loss: 0.5630, val_accuracy: 74.2000
Epoch 11/30: train_loss: 0.3085, train_accuracy: 85.2611, val_loss: 0.7178, val_accuracy: 58.5000
Epoch 12/30: train_loss: 0.3124, train_accuracy: 85.3722, val_loss: 0.5210, val_accuracy: 71.2000
Epoch 13/30: train_loss: 0.3162, train_accuracy: 84.8778, val_loss: 1.2046, val_accuracy: 50.4000
Epoch 14/30: train_loss: 0.3146, train_accuracy: 85.1222, val_loss: 0.8918, val_accuracy: 50.3000
Epoch 15/30: train_loss: 0.3296, train_accuracy: 84.2722, val_loss: 1.0496, val_accuracy: 56.2000
Epoch 16/30: train_loss: 0.3137, train_accuracy: 85.0278, val_loss: 0.5038, val_accuracy: 73.1000
Epoch 17/30: train_loss: 0.3107, train_accuracy: 84.9556, val_loss: 0.6434, val_accuracy: 59.9000
Epoch 18/30: train_loss: 0.3043, train_accuracy: 85.7444, val_loss: 0.5130, val_accuracy: 73.6000
Epoch 19/30: train_loss: 0.3010, train_accuracy: 85.6389, val_loss: 1.8087, val_accuracy: 50.0000
Epoch 20/30: train_loss: 0.3120, train_accuracy: 85.2111, val_loss: 0.5654, val_accuracy: 67.9000
Epoch 21/30: train_loss: 0.3120, train_accuracy: 85.3000, val_loss: 0.5057, val_accuracy: 76.9000
Epoch 22/30: train_loss: 0.3101, train_accuracy: 85.3111, val_loss: 0.9164, val_accuracy: 52.5000
Epoch 23/30: train_loss: 0.3117, train_accuracy: 85.4611, val_loss: 1.3865, val_accuracy: 60.5000
Epoch 24/30: train_loss: 0.3192, train_accuracy: 84.9056, val_loss: 0.4880, val_accuracy: 75.5000
Epoch 25/30: train_loss: 0.3208, train_accuracy: 84.8667, val_loss: 0.9916, val_accuracy: 50.0000
Epoch 26/30: train_loss: 0.3101, train_accuracy: 85.4444, val_loss: 0.5903, val_accuracy: 65.4000
Epoch 27/30: train_loss: 0.3110, train_accuracy: 85.3833, val_loss: 0.4347, val_accuracy: 79.6000
Epoch 28/30: train_loss: 0.3037, train_accuracy: 85.7833, val_loss: 1.9973, val_accuracy: 50.0000
Epoch 29/30: train_loss: 0.3110, train_accuracy: 85.7556, val_loss: 1.4092, val_accuracy: 49.2000
Epoch 30/30: train_loss: 0.3152, train_accuracy: 85.3333, val_loss: 0.5145, val_accuracy: 73.3000
Traceback (most recent call last):
  File "ATML/main.py", line 114, in <module>
    torch.save(model.state_dict(), model_dir + 'model' + experiment_name + '.pt')
  File "/home/ubelix/artorg/kc12n043/miniconda3/envs/atml/lib/python3.7/site-packages/torch/serialization.py", line 224, in save
    return _with_file_like(f, "wb", lambda f: _save(obj, f, pickle_module, pickle_protocol))
  File "/home/ubelix/artorg/kc12n043/miniconda3/envs/atml/lib/python3.7/site-packages/torch/serialization.py", line 147, in _with_file_like
    f = open(f, mode)
FileNotFoundError: [Errno 2] No such file or directory: '../models/model72.pt'
