Python 3.7.3
Welcome! The program is running on cuda. It may take a while...
I am using configuration file number 8
Epoch 1/25: train_loss: 0.6931, train_accuracy: 50.2667, val_loss: 0.6931, val_accuracy: 50.0000
Epoch 2/25: train_loss: 0.6931, train_accuracy: 50.2167, val_loss: 0.6931, val_accuracy: 57.4000
Epoch 3/25: train_loss: 0.6931, train_accuracy: 50.5222, val_loss: 0.6931, val_accuracy: 49.9000
Epoch 4/25: train_loss: 0.6931, train_accuracy: 51.1333, val_loss: 0.6931, val_accuracy: 50.0000
Epoch 5/25: train_loss: 0.6930, train_accuracy: 51.2222, val_loss: 0.6930, val_accuracy: 54.5000
Epoch 6/25: train_loss: 0.6930, train_accuracy: 51.5722, val_loss: 0.6930, val_accuracy: 57.5000
Epoch 7/25: train_loss: 0.6930, train_accuracy: 53.0556, val_loss: 0.6930, val_accuracy: 52.5000
Epoch 8/25: train_loss: 0.6930, train_accuracy: 52.4611, val_loss: 0.6930, val_accuracy: 50.8000
Epoch 9/25: train_loss: 0.6929, train_accuracy: 53.6111, val_loss: 0.6930, val_accuracy: 58.9000
Epoch 10/25: train_loss: 0.6929, train_accuracy: 54.8611, val_loss: 0.6929, val_accuracy: 59.2000
Epoch 11/25: train_loss: 0.6928, train_accuracy: 55.4500, val_loss: 0.6929, val_accuracy: 55.9000
Epoch 12/25: train_loss: 0.6928, train_accuracy: 54.9222, val_loss: 0.6928, val_accuracy: 59.2000
Epoch 13/25: train_loss: 0.6928, train_accuracy: 53.9444, val_loss: 0.6928, val_accuracy: 60.2000
Epoch 14/25: train_loss: 0.6927, train_accuracy: 55.7611, val_loss: 0.6928, val_accuracy: 60.2000
Epoch 15/25: train_loss: 0.6926, train_accuracy: 58.5278, val_loss: 0.6927, val_accuracy: 61.3000
Epoch 16/25: train_loss: 0.6925, train_accuracy: 57.3000, val_loss: 0.6927, val_accuracy: 61.2000
Epoch 17/25: train_loss: 0.6924, train_accuracy: 59.2389, val_loss: 0.6926, val_accuracy: 59.2000
Epoch 18/25: train_loss: 0.6923, train_accuracy: 57.2167, val_loss: 0.6925, val_accuracy: 61.4000
Epoch 19/25: train_loss: 0.6922, train_accuracy: 59.1500, val_loss: 0.6924, val_accuracy: 59.2000
Epoch 20/25: train_loss: 0.6920, train_accuracy: 60.0722, val_loss: 0.6923, val_accuracy: 58.5000
Epoch 21/25: train_loss: 0.6917, train_accuracy: 56.8611, val_loss: 0.6922, val_accuracy: 60.8000
Epoch 22/25: train_loss: 0.6914, train_accuracy: 60.0056, val_loss: 0.6920, val_accuracy: 60.6000
Epoch 23/25: train_loss: 0.6910, train_accuracy: 62.9722, val_loss: 0.6918, val_accuracy: 58.6000
Epoch 24/25: train_loss: 0.6905, train_accuracy: 60.4722, val_loss: 0.6916, val_accuracy: 61.0000
Epoch 25/25: train_loss: 0.6898, train_accuracy: 58.4778, val_loss: 0.6915, val_accuracy: 55.0000
Traceback (most recent call last):
  File "ATML/main.py", line 114, in <module>
    torch.save(model.state_dict(), model_dir + 'model' + experiment_name + '.pt')
  File "/home/ubelix/artorg/kc12n043/miniconda3/envs/atml/lib/python3.7/site-packages/torch/serialization.py", line 224, in save
    return _with_file_like(f, "wb", lambda f: _save(obj, f, pickle_module, pickle_protocol))
  File "/home/ubelix/artorg/kc12n043/miniconda3/envs/atml/lib/python3.7/site-packages/torch/serialization.py", line 147, in _with_file_like
    f = open(f, mode)
FileNotFoundError: [Errno 2] No such file or directory: '../models/model8.pt'
