Python 3.7.3
Welcome! The program is running on cuda. It may take a while...
I am using configuration file number 52
Epoch 1/30: train_loss: 0.6084, train_accuracy: 66.7500, val_loss: 0.6274, val_accuracy: 65.6000
Epoch 2/30: train_loss: 0.5014, train_accuracy: 72.4389, val_loss: 0.6487, val_accuracy: 56.2000
Epoch 3/30: train_loss: 0.4651, train_accuracy: 74.3889, val_loss: 0.6510, val_accuracy: 58.5000
Epoch 4/30: train_loss: 0.4540, train_accuracy: 74.4056, val_loss: 0.5766, val_accuracy: 68.0000
Epoch 5/30: train_loss: 0.4338, train_accuracy: 76.5778, val_loss: 0.6556, val_accuracy: 56.5000
Epoch 6/30: train_loss: 0.4145, train_accuracy: 77.6389, val_loss: 0.5864, val_accuracy: 64.2000
Epoch 7/30: train_loss: 0.4052, train_accuracy: 78.4889, val_loss: 0.6846, val_accuracy: 60.5000
Epoch 8/30: train_loss: 0.4083, train_accuracy: 78.2278, val_loss: 0.5311, val_accuracy: 71.2000
Epoch 9/30: train_loss: 0.4052, train_accuracy: 78.5889, val_loss: 0.6894, val_accuracy: 58.5000
Epoch 10/30: train_loss: 0.4130, train_accuracy: 78.2000, val_loss: 0.6241, val_accuracy: 63.5000
Epoch 11/30: train_loss: 0.4076, train_accuracy: 78.4556, val_loss: 0.5422, val_accuracy: 72.2000
Epoch 12/30: train_loss: 0.4076, train_accuracy: 78.4889, val_loss: 0.6675, val_accuracy: 58.0000
Epoch 13/30: train_loss: 0.4023, train_accuracy: 78.6056, val_loss: 0.5999, val_accuracy: 67.2000
Epoch 14/30: train_loss: 0.3942, train_accuracy: 79.3333, val_loss: 0.5590, val_accuracy: 71.6000
Epoch 15/30: train_loss: 0.3879, train_accuracy: 80.1333, val_loss: 0.6031, val_accuracy: 66.8000
Epoch 16/30: train_loss: 0.3821, train_accuracy: 79.9833, val_loss: 0.5735, val_accuracy: 68.1000
Epoch 17/30: train_loss: 0.3727, train_accuracy: 81.1611, val_loss: 0.6150, val_accuracy: 64.7000
Epoch 18/30: train_loss: 0.3805, train_accuracy: 80.5722, val_loss: 0.6790, val_accuracy: 58.6000
Epoch 19/30: train_loss: 0.3643, train_accuracy: 81.7000, val_loss: 0.5426, val_accuracy: 68.5000
Epoch 20/30: train_loss: 0.3595, train_accuracy: 81.9833, val_loss: 0.5527, val_accuracy: 69.6000
Epoch 21/30: train_loss: 0.3592, train_accuracy: 81.9889, val_loss: 0.6349, val_accuracy: 64.1000
Epoch 22/30: train_loss: 0.3514, train_accuracy: 82.3944, val_loss: 0.5837, val_accuracy: 65.1000
Epoch 23/30: train_loss: 0.3512, train_accuracy: 82.4389, val_loss: 0.5870, val_accuracy: 67.3000
Epoch 24/30: train_loss: 0.3437, train_accuracy: 82.6778, val_loss: 0.5072, val_accuracy: 70.0000
Epoch 25/30: train_loss: 0.3379, train_accuracy: 83.2278, val_loss: 0.6134, val_accuracy: 65.4000
Epoch 26/30: train_loss: 0.3370, train_accuracy: 83.2944, val_loss: 0.4713, val_accuracy: 74.3000
Epoch 27/30: train_loss: 0.3319, train_accuracy: 83.8111, val_loss: 0.5662, val_accuracy: 66.9000
Epoch 28/30: train_loss: 0.3252, train_accuracy: 84.2444, val_loss: 0.5405, val_accuracy: 69.9000
Epoch 29/30: train_loss: 0.3192, train_accuracy: 84.6333, val_loss: 0.5369, val_accuracy: 70.9000
Epoch 30/30: train_loss: 0.3145, train_accuracy: 84.9389, val_loss: 0.5546, val_accuracy: 68.6000
Traceback (most recent call last):
  File "ATML/main.py", line 114, in <module>
    torch.save(model.state_dict(), model_dir + 'model' + experiment_name + '.pt')
  File "/home/ubelix/artorg/kc12n043/miniconda3/envs/atml/lib/python3.7/site-packages/torch/serialization.py", line 224, in save
    return _with_file_like(f, "wb", lambda f: _save(obj, f, pickle_module, pickle_protocol))
  File "/home/ubelix/artorg/kc12n043/miniconda3/envs/atml/lib/python3.7/site-packages/torch/serialization.py", line 147, in _with_file_like
    f = open(f, mode)
FileNotFoundError: [Errno 2] No such file or directory: '../models/model52.pt'
