Python 3.7.3
Welcome! The program is running on cuda. It may take a while...
I am using configuration file number 57
Epoch 1/20: train_loss: 0.5431, train_accuracy: 70.7833, val_loss: 0.7860, val_accuracy: 50.0000
Epoch 2/20: train_loss: 0.5364, train_accuracy: 70.4167, val_loss: 0.6939, val_accuracy: 50.0000
Epoch 3/20: train_loss: 0.5632, train_accuracy: 68.9778, val_loss: 0.9232, val_accuracy: 50.0000
Epoch 4/20: train_loss: 0.5657, train_accuracy: 69.6722, val_loss: 0.7173, val_accuracy: 50.0000
Epoch 5/20: train_loss: 0.5703, train_accuracy: 69.4222, val_loss: 0.7096, val_accuracy: 50.0000
Epoch 6/20: train_loss: 0.5622, train_accuracy: 69.8167, val_loss: 0.7257, val_accuracy: 50.0000
Epoch 7/20: train_loss: 0.5600, train_accuracy: 69.8389, val_loss: 0.7065, val_accuracy: 49.9000
Epoch 8/20: train_loss: 0.5599, train_accuracy: 69.7389, val_loss: 0.7288, val_accuracy: 50.0000
Epoch 9/20: train_loss: 0.5590, train_accuracy: 69.5722, val_loss: 0.7185, val_accuracy: 49.7000
Epoch 10/20: train_loss: 0.5557, train_accuracy: 69.9111, val_loss: 0.6968, val_accuracy: 51.6000
Epoch 11/20: train_loss: 0.5578, train_accuracy: 69.6500, val_loss: 0.7143, val_accuracy: 50.0000
Epoch 12/20: train_loss: 0.5581, train_accuracy: 69.8222, val_loss: 0.7242, val_accuracy: 50.0000
Epoch 13/20: train_loss: 0.5571, train_accuracy: 70.0722, val_loss: 3.0643, val_accuracy: 50.0000
Epoch 14/20: train_loss: 0.5539, train_accuracy: 70.0444, val_loss: 0.7134, val_accuracy: 49.4000
Epoch 15/20: train_loss: 0.5551, train_accuracy: 69.8389, val_loss: 0.7097, val_accuracy: 52.9000
Epoch 16/20: train_loss: 0.5561, train_accuracy: 69.8944, val_loss: 0.6933, val_accuracy: 54.8000
Epoch 17/20: train_loss: 0.5555, train_accuracy: 70.1444, val_loss: 0.7264, val_accuracy: 50.0000
Epoch 18/20: train_loss: 0.5568, train_accuracy: 69.7833, val_loss: 0.7069, val_accuracy: 50.2000
Epoch 19/20: train_loss: 0.5547, train_accuracy: 69.9333, val_loss: 0.7257, val_accuracy: 50.0000
Epoch 20/20: train_loss: 0.5548, train_accuracy: 69.9389, val_loss: 0.7307, val_accuracy: 50.0000
Traceback (most recent call last):
  File "ATML/main.py", line 114, in <module>
    torch.save(model.state_dict(), model_dir + 'model' + experiment_name + '.pt')
  File "/home/ubelix/artorg/kc12n043/miniconda3/envs/atml/lib/python3.7/site-packages/torch/serialization.py", line 224, in save
    return _with_file_like(f, "wb", lambda f: _save(obj, f, pickle_module, pickle_protocol))
  File "/home/ubelix/artorg/kc12n043/miniconda3/envs/atml/lib/python3.7/site-packages/torch/serialization.py", line 147, in _with_file_like
    f = open(f, mode)
FileNotFoundError: [Errno 2] No such file or directory: '../models/model57.pt'
