Python 3.7.3
Welcome! The program is running on cuda. It may take a while...
I am using configuration file number 48
Epoch 1/25: train_loss: 0.6437, train_accuracy: 63.9778, val_loss: 0.6407, val_accuracy: 60.8000
Epoch 2/25: train_loss: 0.5566, train_accuracy: 70.0944, val_loss: 0.6544, val_accuracy: 58.8000
Epoch 3/25: train_loss: 0.4832, train_accuracy: 73.7833, val_loss: 0.6387, val_accuracy: 62.9000
Epoch 4/25: train_loss: 0.4486, train_accuracy: 75.6944, val_loss: 0.5976, val_accuracy: 67.6000
Epoch 5/25: train_loss: 0.4332, train_accuracy: 76.5611, val_loss: 0.6193, val_accuracy: 65.4000
Epoch 6/25: train_loss: 0.4241, train_accuracy: 77.1000, val_loss: 0.6416, val_accuracy: 64.2000
Epoch 7/25: train_loss: 0.4254, train_accuracy: 77.2944, val_loss: 0.6000, val_accuracy: 68.3000
Epoch 8/25: train_loss: 0.4130, train_accuracy: 78.3889, val_loss: 0.6265, val_accuracy: 63.0000
Epoch 9/25: train_loss: 0.4081, train_accuracy: 78.8000, val_loss: 0.6291, val_accuracy: 63.7000
Epoch 10/25: train_loss: 0.3983, train_accuracy: 79.8222, val_loss: 0.7079, val_accuracy: 56.0000
Epoch 11/25: train_loss: 0.3944, train_accuracy: 79.8444, val_loss: 0.5877, val_accuracy: 69.6000
Epoch 12/25: train_loss: 0.3811, train_accuracy: 80.5944, val_loss: 0.6407, val_accuracy: 64.7000
Epoch 13/25: train_loss: 0.3734, train_accuracy: 81.2389, val_loss: 0.6140, val_accuracy: 65.5000
Epoch 14/25: train_loss: 0.3746, train_accuracy: 80.9667, val_loss: 0.6599, val_accuracy: 61.8000
Epoch 15/25: train_loss: 0.3695, train_accuracy: 81.4444, val_loss: 0.6354, val_accuracy: 65.8000
Epoch 16/25: train_loss: 0.3645, train_accuracy: 81.6056, val_loss: 0.5857, val_accuracy: 68.4000
Epoch 17/25: train_loss: 0.3623, train_accuracy: 82.1500, val_loss: 0.7248, val_accuracy: 58.9000
Epoch 18/25: train_loss: 0.3546, train_accuracy: 82.5222, val_loss: 0.6418, val_accuracy: 64.3000
Epoch 19/25: train_loss: 0.3549, train_accuracy: 82.5889, val_loss: 0.6520, val_accuracy: 63.6000
Epoch 20/25: train_loss: 0.3500, train_accuracy: 82.9722, val_loss: 0.6559, val_accuracy: 63.8000
Epoch 21/25: train_loss: 0.3490, train_accuracy: 82.7556, val_loss: 0.6517, val_accuracy: 66.9000
Epoch 22/25: train_loss: 0.3506, train_accuracy: 82.8278, val_loss: 0.7060, val_accuracy: 59.2000
Epoch 23/25: train_loss: 0.3492, train_accuracy: 82.6389, val_loss: 0.6772, val_accuracy: 62.2000
Epoch 24/25: train_loss: 0.3474, train_accuracy: 82.8833, val_loss: 0.5662, val_accuracy: 71.1000
Epoch 25/25: train_loss: 0.3441, train_accuracy: 83.0000, val_loss: 0.5713, val_accuracy: 70.8000
Traceback (most recent call last):
  File "ATML/main.py", line 114, in <module>
    torch.save(model.state_dict(), model_dir + 'model' + experiment_name + '.pt')
  File "/home/ubelix/artorg/kc12n043/miniconda3/envs/atml/lib/python3.7/site-packages/torch/serialization.py", line 224, in save
    return _with_file_like(f, "wb", lambda f: _save(obj, f, pickle_module, pickle_protocol))
  File "/home/ubelix/artorg/kc12n043/miniconda3/envs/atml/lib/python3.7/site-packages/torch/serialization.py", line 147, in _with_file_like
    f = open(f, mode)
FileNotFoundError: [Errno 2] No such file or directory: '../models/model48.pt'
