Python 3.7.3
Welcome! The program is running on cuda. It may take a while...
I am using configuration file number 12
Epoch 1/25: train_loss: 0.6932, train_accuracy: 50.0056, val_loss: 0.6931, val_accuracy: 50.0000
Epoch 2/25: train_loss: 0.6931, train_accuracy: 50.0000, val_loss: 0.6931, val_accuracy: 50.0000
Epoch 3/25: train_loss: 0.6931, train_accuracy: 50.2333, val_loss: 0.6931, val_accuracy: 50.0000
Epoch 4/25: train_loss: 0.6931, train_accuracy: 50.2222, val_loss: 0.6931, val_accuracy: 50.0000
Epoch 5/25: train_loss: 0.6931, train_accuracy: 50.7222, val_loss: 0.6931, val_accuracy: 50.0000
Epoch 6/25: train_loss: 0.6931, train_accuracy: 51.0889, val_loss: 0.6931, val_accuracy: 50.0000
Epoch 7/25: train_loss: 0.6931, train_accuracy: 50.8444, val_loss: 0.6931, val_accuracy: 48.6000
Epoch 8/25: train_loss: 0.6931, train_accuracy: 52.2778, val_loss: 0.6931, val_accuracy: 48.9000
Epoch 9/25: train_loss: 0.6930, train_accuracy: 52.5667, val_loss: 0.6931, val_accuracy: 48.0000
Epoch 10/25: train_loss: 0.6931, train_accuracy: 51.9833, val_loss: 0.6931, val_accuracy: 49.6000
Epoch 11/25: train_loss: 0.6931, train_accuracy: 52.4056, val_loss: 0.6931, val_accuracy: 52.6000
Epoch 12/25: train_loss: 0.6930, train_accuracy: 52.5778, val_loss: 0.6931, val_accuracy: 53.8000
Epoch 13/25: train_loss: 0.6930, train_accuracy: 52.3833, val_loss: 0.6931, val_accuracy: 51.3000
Epoch 14/25: train_loss: 0.6930, train_accuracy: 52.8889, val_loss: 0.6930, val_accuracy: 60.7000
Epoch 15/25: train_loss: 0.6930, train_accuracy: 52.9667, val_loss: 0.6930, val_accuracy: 59.7000
Epoch 16/25: train_loss: 0.6930, train_accuracy: 53.5444, val_loss: 0.6930, val_accuracy: 60.6000
Epoch 17/25: train_loss: 0.6930, train_accuracy: 53.0667, val_loss: 0.6930, val_accuracy: 60.9000
Epoch 18/25: train_loss: 0.6930, train_accuracy: 53.5444, val_loss: 0.6930, val_accuracy: 60.3000
Epoch 19/25: train_loss: 0.6930, train_accuracy: 53.5889, val_loss: 0.6930, val_accuracy: 60.0000
Epoch 20/25: train_loss: 0.6930, train_accuracy: 53.4333, val_loss: 0.6930, val_accuracy: 59.1000
Epoch 21/25: train_loss: 0.6930, train_accuracy: 53.1000, val_loss: 0.6930, val_accuracy: 56.8000
Epoch 22/25: train_loss: 0.6930, train_accuracy: 54.4000, val_loss: 0.6930, val_accuracy: 59.3000
Epoch 23/25: train_loss: 0.6929, train_accuracy: 54.3667, val_loss: 0.6930, val_accuracy: 60.4000
Epoch 24/25: train_loss: 0.6929, train_accuracy: 55.6389, val_loss: 0.6930, val_accuracy: 61.1000
Epoch 25/25: train_loss: 0.6929, train_accuracy: 54.2778, val_loss: 0.6930, val_accuracy: 61.1000
Traceback (most recent call last):
  File "ATML/main.py", line 114, in <module>
    torch.save(model.state_dict(), model_dir + 'model' + experiment_name + '.pt')
  File "/home/ubelix/artorg/kc12n043/miniconda3/envs/atml/lib/python3.7/site-packages/torch/serialization.py", line 224, in save
    return _with_file_like(f, "wb", lambda f: _save(obj, f, pickle_module, pickle_protocol))
  File "/home/ubelix/artorg/kc12n043/miniconda3/envs/atml/lib/python3.7/site-packages/torch/serialization.py", line 147, in _with_file_like
    f = open(f, mode)
FileNotFoundError: [Errno 2] No such file or directory: '../models/model12.pt'
